2 9182
3 4591
5 2294
7 1529
11 916
13 765
17 572
19 509
23 416
29 326
31 305
37 254
41 229
43 217
47 199
53 176
59 157
61 152
67 139
71 130
73 126
79 117
83 111
89 104
97 94
101 91
103 89
107 85
109 84
113 81
127 72
131 70
137 67
139 66
149 61
151 60
157 58
163 56
167 55
173 53
179 51
181 50
191 48
193 47
197 46
199 46
211 43
223 41
227 40
229 40
233 39
239 38
241 38
251 36
257 35
263 34
269 34
271 33
277 33
281 32
283 32
293 31
307 29
311 29
313 29
317 28
331 27
337 27
347 26
349 26
353 26
359 25
367 25
373 24
379 24
383 23
389 23
397 23
401 22
409 22
419 21
421 21
431 21
433 21
439 20
443 20
449 20
457 20
461 19
463 19
467 19
479 19
487 18
491 18
499 18
503 18
509 18
521 17
523 17
541 16
547 16
557 16
563 16
569 16
571 16
577 15
587 15
593 15
599 15
601 15
607 15
613 14
617 14
619 14
631 14
641 14
643 14
647 14
653 14
659 13
661 13
673 13
677 13
683 13
691 13
701 13
709 12
719 12
727 12
733 12
739 12
743 12
751 12
757 12
761 12
769 11
773 11
787 11
797 11
809 11
811 11
821 11
823 11
827 11
829 11
839 10
853 10
857 10
859 10
863 10
877 10
881 10
883 10
887 10
907 10
911 10
919 10
929 9
937 9
941 9
947 9
953 9
967 9
971 9
977 9
983 9
991 9
997 9
1009 9
1013 9
1019 9
1021 9
1031 8
1033 8
1039 8
1049 8
1051 8
1061 8
1063 8
1069 8
1087 8
1091 8
1093 8
1097 8
1103 8
1109 8
1117 8
1123 8
1129 8
1151 7
1153 7
1163 7
1171 7
1181 7
1187 7
1193 7
1201 7
1213 7
1217 7
1223 7
1229 7
1231 7
1237 7
1249 7
1259 7
1277 7
1279 7
1283 7
1289 7
1291 7
1297 7
1301 7
1303 7
1307 7
1319 6
1321 6
1327 6
1361 6
1367 6
1373 6
1381 6
1399 6
1409 6
1423 6
1427 6
1429 6
1433 6
1439 6
1447 6
1451 6
1453 6
1459 6
1471 6
1481 6
1483 6
1487 6
1489 6
1493 6
1499 6
1511 6
1523 6
1531 6
1543 5
1549 5
1553 5
1559 5
1567 5
1571 5
1579 5
1583 5
1597 5
1601 5
1607 5
1609 5
1613 5
1619 5
1621 5
1627 5
1637 5
1657 5
1663 5
1667 5
1669 5
1693 5
1697 5
1699 5
1709 5
1721 5
1723 5
1733 5
1741 5
1747 5
1753 5
1759 5
1777 5
1783 5
1787 5
1789 5
1801 5
1811 5
1823 5
1831 5
1847 4
1861 4
1867 4
1871 4
1873 4
1877 4
1879 4
1889 4
1901 4
1907 4
1913 4
1931 4
1933 4
1949 4
1951 4
1973 4
1979 4
1987 4
1993 4
1997 4
1999 4
2003 4
2011 4
2017 4
2027 4
2029 4
2039 4
2053 4
2063 4
2069 4
2081 4
2083 4
2087 4
2089 4
2099 4
2111 4
2113 4
2129 4
2131 4
2137 4
2141 4
2143 4
2153 4
2161 4
2179 4
2203 4
2207 4
2213 4
2221 4
2237 4
2239 4
2243 4
2251 4
2267 4
2269 4
2273 4
2281 4
2287 4
2293 4
2297 4
2309 3
2311 3
2333 3
2339 3
2341 3
2347 3
2351 3
2357 3
2371 3
2377 3
2381 3
2383 3
2389 3
2393 3
2399 3
2411 3
2417 3
2423 3
2437 3
2441 3
2447 3
2459 3
2467 3
2473 3
2477 3
2503 3
2521 3
2531 3
2539 3
2543 3
2549 3
2551 3
2557 3
2579 3
2591 3
2593 3
2609 3
2617 3
2621 3
2633 3
2647 3
2657 3
2659 3
2663 3
2671 3
2677 3
2683 3
2687 3
2689 3
2693 3
2699 3
2707 3
2711 3
2713 3
2719 3
2729 3
2731 3
2741 3
2749 3
2753 3
2767 3
2777 3
2789 3
2791 3
2797 3
2801 3
2803 3
2819 3
2833 3
2837 3
2843 3
2851 3
2857 3
2861 3
2879 3
2887 3
2897 3
2903 3
2909 3
2917 3
2927 3
2939 3
2953 3
2957 3
2963 3
2969 3
2971 3
2999 3
3001 3
3011 3
3019 3
3023 3
3037 3
3041 3
3049 3
3061 3
3067 2
3079 2
3083 2
3089 2
3109 2
3119 2
3121 2
3137 2
3163 2
3167 2
3169 2
3181 2
3187 2
3191 2
3203 2
3209 2
3217 2
3221 2
3229 2
3251 2
3253 2
3257 2
3259 2
3271 2
3299 2
3301 2
3307 2
3313 2
3319 2
3323 2
3329 2
3331 2
3343 2
3347 2
3359 2
3361 2
3371 2
3373 2
3389 2
3391 2
3407 2
3413 2
3433 2
3449 2
3457 2
3461 2
3463 2
3467 2
3469 2
3491 2
3499 2
3511 2
3517 2
3527 2
3529 2
3533 2
3539 2
3541 2
3547 2
3557 2
3559 2
3571 2
3581 2
3583 2
3593 2
3607 2
3613 2
3617 2
3623 2
3631 2
3637 2
3643 2
3659 2
3671 2
3673 2
3677 2
3691 2
3697 2
3701 2
3709 2
3719 2
3727 2
3733 2
3739 2
3761 2
3767 2
3769 2
3779 2
3793 2
3797 2
3803 2
3821 2
3823 2
3833 2
3847 2
3851 2
3853 2
3863 2
3877 2
3881 2
3889 2
3907 2
3911 2
3917 2
3919 2
3923 2
3929 2
3931 2
3943 2
3947 2
3967 2
3989 2
4001 2
4003 2
4007 2
4013 2
4019 2
4021 2
4027 2
4049 2
4051 2
4057 2
4073 2
4079 2
4091 2
4093 2
4099 2
4111 2
4127 2
4129 2
4133 2
4139 2
4153 2
4157 2
4159 2
4177 2
4201 2
4211 2
4217 2
4219 2
4229 2
4231 2
4241 2
4243 2
4253 2
4259 2
4261 2
4271 2
4273 2
4283 2
4289 2
4297 2
4327 2
4337 2
4339 2
4349 2
4357 2
4363 2
4373 2
4391 2
4397 2
4409 2
4421 2
4423 2
4441 2
4447 2
4451 2
4457 2
4463 2
4481 2
4483 2
4493 2
4507 2
4513 2
4517 2
4519 2
4523 2
4547 2
4549 2
4561 2
4567 2
4583 2
4591 2
4597 1
4603 1
4621 1
4637 1
4639 1
4643 1
4649 1
4651 1
4657 1
4663 1
4673 1
4679 1
4691 1
4703 1
4721 1
4723 1
4729 1
4733 1
4751 1
4759 1
4783 1
4787 1
4789 1
4793 1
4799 1
4801 1
4813 1
4817 1
4831 1
4861 1
4871 1
4877 1
4889 1
4903 1
4909 1
4919 1
4931 1
4933 1
4937 1
4943 1
4951 1
4957 1
4967 1
4969 1
4973 1
4987 1
4993 1
4999 1
5003 1
5009 1
5011 1
5021 1
5023 1
5039 1
5051 1
5059 1
5077 1
5081 1
5087 1
5099 1
5101 1
5107 1
5113 1
5119 1
5147 1
5153 1
5167 1
5171 1
5179 1
5189 1
5197 1
5209 1
5227 1
5231 1
5233 1
5237 1
5261 1
5273 1
5279 1
5281 1
5297 1
5303 1
5309 1
5323 1
5333 1
5347 1
5351 1
5381 1
5387 1
5393 1
5399 1
5407 1
5413 1
5417 1
5419 1
5431 1
5437 1
5441 1
5443 1
5449 1
5471 1
5477 1
5479 1
5483 1
5501 1
5503 1
5507 1
5519 1
5521 1
5527 1
5531 1
5557 1
5563 1
5569 1
5573 1
5581 1
5591 1
5623 1
5639 1
5641 1
5647 1
5651 1
5653 1
5657 1
5659 1
5669 1
5683 1
5689 1
5693 1
5701 1
5711 1
5717 1
5737 1
5741 1
5743 1
5749 1
5779 1
5783 1
5791 1
5801 1
5807 1
5813 1
5821 1
5827 1
5839 1
5843 1
5849 1
5851 1
5857 1
5861 1
5867 1
5869 1
5879 1
5881 1
5897 1
5903 1
5923 1
5927 1
5939 1
5953 1
5981 1
5987 1
6007 1
6011 1
6029 1
6037 1
6043 1
6047 1
6053 1
6067 1
6073 1
6079 1
6089 1
6091 1
6101 1
6113 1
6121 1
6131 1
6133 1
6143 1
6151 1
6163 1
6173 1
6197 1
6199 1
6203 1
6211 1
6217 1
6221 1
6229 1
6247 1
6257 1
6263 1
6269 1
6271 1
6277 1
6287 1
6299 1
6301 1
6311 1
6317 1
6323 1
6329 1
6337 1
6343 1
6353 1
6359 1
6361 1
6367 1
6373 1
6379 1
6389 1
6397 1
6421 1
6427 1
6449 1
6451 1
6469 1
6473 1
6481 1
6491 1
6521 1
6529 1
6547 1
6551 1
6553 1
6563 1
6569 1
6571 1
6577 1
6581 1
6599 1
6607 1
6619 1
6637 1
6653 1
6659 1
6661 1
6673 1
6679 1
6689 1
6691 1
6701 1
6703 1
6709 1
6719 1
6733 1
6737 1
6761 1
6763 1
6779 1
6781 1
6791 1
6793 1
6803 1
6823 1
6827 1
6829 1
6833 1
6841 1
6857 1
6863 1
6869 1
6871 1
6883 1
6899 1
6907 1
6911 1
6917 1
6947 1
6949 1
6959 1
6961 1
6967 1
6971 1
6977 1
6983 1
6991 1
6997 1
7001 1
7013 1
7019 1
7027 1
7039 1
7043 1
7057 1
7069 1
7079 1
7103 1
7109 1
7121 1
7127 1
7129 1
7151 1
7159 1
7177 1
7187 1
7193 1
7207 1
7211 1
7213 1
7219 1
7229 1
7237 1
7243 1
7247 1
7253 1
7283 1
7297 1
7307 1
7309 1
7321 1
7331 1
7333 1
7349 1
7351 1
7369 1
7393 1
7411 1
7417 1
7433 1
7451 1
7457 1
7459 1
7477 1
7481 1
7487 1
7489 1
7499 1
7507 1
7517 1
7523 1
7529 1
7537 1
7541 1
7547 1
7549 1
7559 1
7561 1
7573 1
7577 1
7583 1
7589 1
7591 1
7603 1
7607 1
7621 1
7639 1
7643 1
7649 1
7669 1
7673 1
7681 1
7687 1
7691 1
7699 1
7703 1
7717 1
7723 1
7727 1
7741 1
7753 1
7757 1
7759 1
7789 1
7793 1
7817 1
7823 1
7829 1
7841 1
7853 1
7867 1
7873 1
7877 1
7879 1
7883 1
7901 1
7907 1
7919 1
7927 1
7933 1
7937 1
7949 1
7951 1
7963 1
7993 1
8009 1
8011 1
8017 1
8039 1
8053 1
8059 1
8069 1
8081 1
8087 1
8089 1
8093 1
8101 1
8111 1
8117 1
8123 1
8147 1
8161 1
8167 1
8171 1
8179 1
8191 1
8209 1
8219 1
8221 1
8231 1
8233 1
8237 1
8243 1
8263 1
8269 1
8273 1
8287 1
8291 1
8293 1
8297 1
8311 1
8317 1
8329 1
8353 1
8363 1
8369 1
8377 1
8387 1
8389 1
8419 1
8423 1
8429 1
8431 1
8443 1
8447 1
8461 1
8467 1
8501 1
8513 1
8521 1
8527 1
8537 1
8539 1
8543 1
8563 1
8573 1
8581 1
8597 1
8599 1
8609 1
8623 1
8627 1
8629 1
8641 1
8647 1
8663 1
8669 1
8677 1
8681 1
8689 1
8693 1
8699 1
8707 1
8713 1
8719 1
8731 1
8737 1
8741 1
8747 1
8753 1
8761 1
8779 1
8783 1
8803 1
8807 1
8819 1
8821 1
8831 1
8837 1
8839 1
8849 1
8861 1
8863 1
8867 1
8887 1
8893 1
8923 1
8929 1
8933 1
8941 1
8951 1
8963 1
8969 1
8971 1
8999 1
9001 1
9007 1
9011 1
9013 1
9029 1
9041 1
9043 1
9049 1
9059 1
9067 1
9091 1
9103 1
9109 1
9127 1
9133 1
9137 1
9151 1
9157 1
9161 1
9173 1
9181 1
9187 1
