45 59 1
56 59 1
46 58 3
62 58 3
36 56 5
17 55 6
26 55 6
44 55 6
33 54 9
53 54 9
41 53 11
43 51 12
66 51 12
57 50 14
11 49 15
24 49 15
34 48 17
2 47 18
5 46 19
58 46 19
49 44 21
64 44 21
42 43 23
30 40 24
39 40 24
40 40 24
51 40 24
67 40 24
29 39 29
37 39 29
47 39 29
61 39 29
18 38 33
13 37 34
15 37 34
31 36 36
21 35 37
50 35 37
65 35 37
8 34 40
55 34 40
60 34 40
10 33 43
20 33 43
48 33 43
3 30 46
14 30 46
27 30 46
6 29 49
25 29 49
32 29 49
52 29 49
4 28 53
22 28 53
12 27 55
1 26 56
54 26 56
59 26 56
63 26 56
38 25 60
9 23 61
19 22 62
23 21 63
28 21 63
7 20 65
16 20 65
35 20 65
