24 59 1
22 58 2
37 58 2
44 58 2
65 57 5
82 57 5
2 56 7
6 56 7
13 56 7
93 56 7
46 55 11
81 55 11
80 54 13
111 54 13
124 53 15
54 52 16
68 52 16
70 52 16
107 52 16
116 52 16
75 51 21
103 51 21
66 50 23
87 50 23
109 50 23
122 50 23
23 49 27
28 49 27
36 49 27
60 49 27
67 48 31
69 48 31
100 48 31
108 48 31
14 47 35
38 47 35
59 46 37
85 46 37
118 46 37
121 46 37
62 45 41
83 45 41
113 45 41
42 44 44
47 44 44
52 44 44
89 44 44
15 43 48
17 43 48
48 43 48
19 42 51
21 42 51
91 42 51
4 41 54
61 41 54
43 40 56
50 40 56
106 40 56
125 40 56
40 39 60
58 39 60
41 38 62
53 38 62
96 38 62
117 37 65
123 37 65
8 36 67
110 36 67
10 35 69
49 35 69
127 35 69
18 34 72
25 33 73
33 33 73
94 33 73
5 32 76
26 32 76
55 32 76
57 32 76
16 31 80
39 31 80
76 31 80
11 30 83
73 30 83
105 30 83
112 30 83
90 29 87
104 29 87
119 29 87
29 28 90
86 28 90
92 28 90
114 28 90
115 28 90
1 27 95
12 27 95
30 27 95
63 27 95
97 27 95
27 26 100
20 25 101
32 25 101
64 25 101
72 25 101
95 25 101
101 25 101
7 24 107
120 24 107
35 23 109
79 23 109
88 23 109
99 23 109
102 23 109
3 22 114
31 22 114
51 22 114
74 22 114
84 22 114
9 21 119
71 21 119
98 21 119
34 20 122
45 20 122
56 20 122
77 20 122
78 20 122
126 20 122
