24 59 1
87 59 1
99 59 1
121 59 1
7 58 5
57 58 5
81 58 5
118 58 5
125 58 5
1 57 10
25 57 10
30 57 10
33 57 10
47 56 14
80 56 14
20 55 16
72 55 16
106 55 16
69 54 19
34 53 20
51 53 20
110 53 20
26 52 23
42 52 23
56 52 23
84 52 23
89 52 23
109 52 23
65 51 29
98 51 29
3 50 31
131 50 31
5 49 33
35 49 33
85 49 33
114 49 33
18 48 37
49 48 37
68 48 37
70 48 37
130 48 37
4 47 42
115 47 42
10 46 44
93 46 44
107 46 44
55 45 47
73 45 47
15 44 49
66 44 49
67 44 49
78 44 49
97 44 49
124 44 49
129 44 49
61 43 56
88 43 56
94 43 56
116 43 56
9 41 60
41 41 60
62 41 60
32 40 63
37 40 63
58 40 63
11 39 66
40 39 66
38 38 68
44 38 68
111 38 68
113 38 68
117 38 68
122 38 68
52 37 74
92 37 74
96 37 74
12 36 77
19 36 77
27 36 77
75 36 77
123 36 77
74 35 82
79 35 82
95 35 82
8 33 85
64 33 85
76 33 85
2 32 88
53 32 88
71 32 88
22 31 91
36 31 91
48 31 91
90 31 91
102 31 91
13 30 96
29 30 96
60 30 96
83 30 96
77 29 100
126 29 100
23 27 102
50 27 102
28 26 104
31 26 104
54 26 104
82 26 104
86 26 104
91 26 104
46 25 110
112 25 110
128 25 110
43 24 113
59 24 113
101 24 113
104 24 113
132 24 113
6 23 118
45 23 118
63 23 118
119 23 118
17 22 122
127 22 122
14 21 124
100 21 124
108 21 124
120 21 124
16 20 128
21 20 128
39 20 128
103 20 128
105 20 128
