38 59 1
2 58 2
39 58 2
44 58 2
46 58 2
37 57 6
4 54 7
6 54 7
43 54 7
62 54 7
66 54 7
80 54 7
3 53 13
15 53 13
22 53 13
29 53 13
36 53 13
75 51 18
82 51 18
57 50 20
65 50 20
5 49 22
1 48 23
23 48 23
40 48 23
64 48 23
55 47 27
33 46 28
81 46 28
26 45 30
41 45 30
47 45 30
24 44 33
25 44 33
27 44 33
49 44 33
67 44 33
77 44 33
52 43 39
58 43 39
54 42 41
12 41 42
69 41 42
11 40 44
53 40 44
71 40 44
17 39 47
16 38 48
72 38 48
79 38 48
8 37 51
70 37 51
10 36 53
20 35 54
50 35 54
28 34 56
30 34 56
35 34 56
32 33 59
51 33 59
60 32 61
68 32 61
7 31 63
19 31 63
13 30 65
45 29 66
21 28 67
48 28 67
56 28 67
61 28 67
78 28 67
63 26 72
74 26 72
18 24 74
31 24 74
34 24 74
14 23 77
42 22 78
59 22 78
9 21 80
76 21 80
73 20 82
