23713
100461
105012
166615
185368
212863
277436
306149
427973
453931
477551
525159
621414
646167
717905
742396
795777
942514
948089
1039730
1040766
1081772
1246006
1262958
1314605
1347293
1365916
1378343
1403035
1426995
1513334
1597370
1617773
1623645
1650828
1652860
1666991
1670711
1768188
1862207
1874113
1875427
1883322
1890251
1999993
2007074
2329525
2439388
2445500
2577570
2622974
2634047
2639750
2651036
2652161
2697021
2722969
2910336
2910336
2920102
2925992
3011917
3014702
3044895
3097302
3189263
3196034
3234685
3291618
3344381
3539614
3546849
3619832
3635924
3690351
3698290
3707211
3834955
3850664
3872429
3917400
4113231
4170597
4179476
4247764
4270706
4446715
4462396
4462396
4485329
4510958
4599219
4608409
4608409
4754474
4881083
4907781
5013198
5013740
5066789
5126068
5202437
5237710
5304012
5323695
5323772
5368246
5376957
5409522
5468344
5521014
5545294
5567140
5604853
5636152
5645644
5669468
5680993
5694222
5735687
5766152
5818285
5860070
5876274
5960415
6093747
6230827
6271049
6355499
6396541
6421103
6427876
6456930
6456930
6660133
7093528
7108054
7120149
7258205
7477475
7493779
7573673
7681751
7795651
7831864
7999410
8020953
8072817
8095622
8124882
8151637
8179428
8200721
8232543
8354882
8367100
8475761
8599781
8624413
8636550
8654620
8743075
8807458
8820099
8826661
8974572
9193053
9274906
9513710
9625826
9631246
9686229
9699558
9700311
9711494
9778607
9971982
10004385
10010830
10153634
10202911
10225060
10294105
10416058
10525566
10822304
10839211
10931814
10979536
11039090
11450969
11572923
11600849
11615061
11749897
11807266
11817793
11870385
12069785
12122415
12130834
12347409
12419258
12444961
12489354
12537784
12581164
12593061
12593061
12594484
12607050
12703528
12738829
12741659
12821142
12896098
12946726
12998630
13295132
13380458
13381872
13395778
13443171
13612467
13621352
13621352
13675497
13677684
13706460
13761933
13765966
13765966
13994410
14101636
14188545
14253069
14253069
14272103
14301893
14407954
14414678
14441703
14490562
14491410
14553764
14628380
14729820
14819316
14847036
14854914
15110960
15194536
15214482
15230729
15240479
15289441
15338539
15387684
15397152
15397152
15397152
15408137
15424428
15444052
15524948
15534518
15545226
15564332
15565636
15577429
15579965
15610236
15610236
15615165
15645693
15674552
15874280
15964661
16007946
16007946
16033034
16065174
16232854
16272184
16274405
16325739
16326120
16357902
16581951
16611158
16709552
16819846
16933827
16994429
17102618
17161331
17166106
17208053
17303293
17318381
17318381
17318381
17336119
17439722
17469225
17519739
17530946
17567715
17600936
17609090
17678860
17684552
17783465
17944593
17951722
17963995
17963995
18033791
18059827
18204353
18204353
18279204
18319641
18338191
18399437
18451894
18490076
18497317
18497317
18536289
18536289
18707112
18708289
18719641
18727841
18732016
18784206
18827162
18912392
19032982
19036503
19042228
19044401
19060068
19062037
19195544
19261246
19321724
19419769
19449748
19451446
19489345
19489345
19544170
19617193
19652803
19690338
19694096
19708375
19722133
20009530
20061564
20116492
20134082
20168187
20260134
20287097
20296953
20378452
20388645
20430286
20430286
20443948
20443948
20499829
20538647
20634137
20684319
20701097
20713553
20885648
20895627
20897227
20904905
20919982
20955503
20955778
20977517
21015053
21182435
21254031
21274239
21298811
21302694
21333832
21347492
21435104
21496892
21502949
21522212
21524275
21584470
21722968
21755616
21771631
21976291
21992295
22096815
22142716
22212683
22218937
22277934
22294283
22503331
22531541
22550345
22567946
22668663
22677235
22702889
22724190
22822102
23159296
23273238
23333100
23398246
23401456
23432355
23432355
23475114
23494663
23522313
23522313
23592589
23619337
23716234
23761582
23825913
23859711
23859711
23859711
23863647
23919571
23996919
24217160
24244973
24304557
24315009
24336749
24364687
24373108
24389174
24445208
24458372
24458372
24506615
24506615
24621965
24634000
24686274
24827052
24893769
24896068
24925076
24954274
24996335
25029223
25042230
25132576
25201678
25311593
25457793
25532637
25578900
25618833
25663841
25759947
25887156
25890883
25928273
25990277
26033565
26062862
26201574
26250584
26277431
26277431
26354563
26448524
26465234
26493131
26557760
26642639
26644811
26644811
26790293
26846051
26892467
26903365
26903365
27193011
27222310
27245306
27256141
27259504
27265215
27265215
27304392
27304392
27399091
27399091
27410185
27456997
27460160
27517872
27532394
27560450
27605761
27627123
27655012
27725139
27725139
27810394
27810394
27937529
28065493
28110832
28159181
28159181
28166243
28325248
28369208
28384139
28415375
28415375
28415375
28454705
28478412
28521353
28561414
28590662
28615562
28615562
28656122
28774314
28785933
28785933
28820032
28830018
28842551
28842551
28860522
28862627
28908585
28929862
29116261
29191034
29210784
29226066
29295992
29302317
29318768
29331562
29348245
29405743
29462889
29468306
29564007
29564007
29597033
29604272
29666208
29868946
29990723
30019289
30021795
30184369
30216321
30216321
30216321
30270599
30323830
30332814
30346248
30600334
30655509
30745418
30803237
31223336
31277193
31312460
31330128
31399632
31478858
31486862
31506607
31514178
31524860
31560798
31609747
31665932
31668338
31678642
31703548
31814740
31861315
31890693
31957121
32143395
32209163
32282513
32296013
32313565
32360233
32403774
32440227
32479419
32487678
32657549
32657549
32658488
32658488
32689024
32694470
32743076
32743076
32803269
32803269
32803269
32884378
32926895
32926895
32946894
32998944
33034403
33063762
33158751
33165887
33189079
33224038
33259677
33295062
33295062
33303922
33345706
33475755
33483383
33568605
33568605
33608948
33649153
33649153
33650803
33650803
33702522
33733649
33742736
33886119
33912800
33912800
33926625
33944175
33951928
34134483
34148847
34158832
34184032
34206997
34225975
34225975
34225975
34225975
34225975
34250472
34264576
34362004
34553767
34625378
34670868
34680466
34689830
34689830
34689830
34713223
34713223
34776117
34837300
34837300
34904264
34904264
35063559
35063559
35263050
35423711
35423711
35485524
35487126
35487126
35578280
35584432
35613016
35625581
35643782
35699595
35951987
35966638
35975623
35999634
36008647
36017583
36034483
36133905
36147518
36308734
36342981
36345532
36387387
36427002
36466883
36466883
36540601
36556791
36556791
36626438
36731179
36762686
36764089
36865932
36865932
36927915
37115277
37134014
37176665
37176665
37176665
37385467
37416179
37420203
37440914
37595827
37688283
37688283
37862453
37910422
37910422
37913267
37960935
38101659
38127576
38131104
38160747
38253877
38279501
38280972
38291622
38307553
38307553
38337425
38353590
38372590
38376183
38376183
38379462
38384462
38454991
38454991
38454991
38454991
38473615
38473615
38545757
38611483
38638231
38661355
38834757
39017459
39017459
39122596
39122596
39122596
39178418
39233428
39245228
39419645
39425498
39557925
39557925
39557925
39574704
39575826
39592827
39592827
39610453
39626248
39692518
39692518
39710526
39804494
39829521
39864165
39915260
39915260
39923607
40022451
40022451
40068221
40070689
40176342
40177433
40177433
40238142
40338319
40338319
40338319
40338319
40403187
40437225
40437225
40468517
40637785
40654622
40663468
40733229
40733805
40759822
40855758
40885571
40968206
41142342
41181342
41187549
41221261
41273835
41309477
41338578
41338578
41338578
41440158
41496065
41617064
41660348
41661468
41661468
41664906
41671178
41681299
41723750
41724260
41724260
41769907
41772945
41827988
41827988
41827988
41827988
41839228
41989065
42187211
42222973
42222973
42253453
42276884
42322852
42338698
42341044
42403259
42415852
42415852
42427421
42478735
42533420
42620737
42670504
42684321
42702392
42754951
42834471
42838009
42931810
42966126
42970529
42980943
43114626
43114626
43178134
43203695
43224599
43270353
43275897
43319630
43344444
43380036
43425644
43457768
43467846
43467846
43506905
43589940
43589940
43655476
43655476
43655476
43718723
43779688
43789881
43789881
43870217
43870217
43870440
43908621
44022262
44129809
44129809
44150220
44204729
44232883
44232883
44261173
44301877
44357974
44422888
44516680
44523775
44534483
44540277
44581682
44639438
44646989
44646989
44646989
44659632
44667415
44696717
44842694
44885054
44972425
44972425
45030009
45100640
45100640
45109786
45109786
45124344
45131792
45131792
45142994
45183380
45192166
45203184
45322133
45328932
45377278
45400856
45445835
45445835
45445835
45445835
45452699
45512740
45513815
45558041
45558041
45641285
45651695
45651695
45651695
45651695
45773264
45881599
45921950
45940177
45940177
45952853
45984414
45984414
46040119
46040119
46046684
46046684
46078338
46078338
46081846
46081846
46139732
46176425
46183740
46209592
46214068
46360916
46360916
46407649
46439407
46463892
46467053
46520631
46534827
46534827
46648423
46659159
46668104
46668104
46757119
46772432
46805347
46846118
46883521
46910287
46942073
46942073
46972117
46980717
47021295
47021295
47102640
47102640
47102640
47199525
47256448
47298950
47418658
47466015
47473049
47492396
47492396
47523079
47549203
47582921
47588186
47588186
47702407
47717253
47784573
47797035
47864291
47864291
47890925
47907444
47907444
47950424
47962916
47975790
47977223
48060656
48126613
48221528
48235455
48249636
48252538
48260171
48377510
48416688
48416996
48457871
48457871
48457871
48457871
48457871
48484118
48491133
48491133
48491133
48520044
48520044
48557603
48565373
48565373
48617754
48667745
48667745
48667745
48667745
48667745
48696480
48734224
48734224
48734224
48842466
48868354
48888235
49021937
49024587
49097367
49120098
49237116
49237116
49257218
49281274
49288497
49298920
49336184
49427120
49427120
49447373
49505366
49521303
49532415
49650262
49675600
49675600
49697293
49811691
49814469
49858034
49913268
49913268
49952527
49957085
50030477
50030477
50065803
50152926
50276031
50472505
50472505
50472505
50476486
50476486
50501789
50654292
50725645
50768330
50786871
50827899
51098338
51098338
51130599
51134669
51134669
51145687
51145687
51154364
51154364
51154364
51159267
51159267
51171075
51173305
51195467
51195467
51198464
51258906
51311458
51412017
51432221
51499911
51513761
51523538
51604335
51611747
51706336
51749721
51764872
51808643
51808643
51808643
51808643
51817643
51875070
51899984
51928451
51928451
51928451
51931943
51965291
51974674
51978768
52002350
52002350
52084908
52084908
52164811
52165855
52165855
52165855
52199669
52206917
52206917
52220441
52230150
52230769
52254561
52403211
52494935
52552562
52552562
52684567
52684567
52713348
52715165
52771563
52857731
52873794
52873794
52873794
52957364
52960370
53004246
53004246
53011343
53011343
53011343
53011343
53093542
53135395
53135395
53254097
53254097
53254097
53285239
53362831
53362831
53384876
53384876
53390370
53439047
53439047
53581785
53593722
53593722
53621502
53624589
53660786
53660786
53865561
53869439
53869439
53869439
53890792
53890792
53890792
53984385
53984385
53984385
54039161
54069503
54085901
54255183
54343406
54343406
54447952
54447952
54538271
54538271
54583479
54591056
54625372
54693041
54841708
54845780
54895524
54915011
54926458
54956113
55047913
55055768
55055768
55057226
55115185
55156014
55156014
55164943
55171013
55239245
55253517
55298469
55338367
55352600
55379814
55394900
55411904
55426698
55525105
55525105
55541841
55552031
55577853
55705886
55810618
55869615
55878476
55890074
55923462
55957648
56032488
56032488
56060447
56106893
56182767
56202037
56202037
56202037
56202037
56235170
56288231
56335117
56335117
56351888
56351888
56356373
56356373
56407589
56407589
56568461
56612808
56612808
56612808
56612808
56612808
56657289
56663075
56663075
56681770
56681770
56681770
56726422
56813822
56840088
56979657
57070738
57071676
57078264
57090918
57261270
57307168
57321263
57338885
57373273
57463901
57463901
57480802
57480802
57480802
57505176
57507897
57511524
57542123
57559377
57604360
57606816
57606816
57683403
57775524
57803715
57839860
57876233
57905518
57919189
57919189
57944121
57950761
57982367
57982367
57982367
58022659
58022659
58086867
58086867
58186808
58186808
58195341
58235040
58278238
58278238
58309484
58309484
58309888
58408995
58474395
58490991
58535554
58554827
58626934
58626934
58664088
58668248
58692008
58841752
58858001
58878828
58885168
58918241
58918241
58918241
58919366
58919366
58985179
58985179
59084262
59102758
59108622
59334593
59335575
59567648
59600288
59623238
59623238
59623238
59623238
59626590
59633788
59633788
59651459
59651459
59651459
59676802
59676802
59676802
59687190
59687190
59766528
59771474
59771474
59826620
59826620
59838350
59883313
59883313
59963749
60118649
60123746
60123746
60218348
60218348
60232193
60354920
60363899
60459926
60461231
60478432
60522923
60522923
60675083
60682428
60702921
60717785
60728797
60802100
60878625
60879827
60882089
60909274
60909274
60909274
60909274
60942451
60942451
60942451
60946517
60972407
60986432
61116530
61130935
61130935
61130935
61130935
61169132
61181029
61186128
61243565
61243565
61243565
61258454
61258454
61258454
61258454
61278581
61287081
61298142
61298142
61301459
61356294
61360940
61387732
61436728
61462054
61482590
61589179
61589179
61589179
61589179
61589179
61726474
61764575
61816221
61832029
61924604
61993872
62063693
62063693
62146722
62147492
62147492
62147492
62178676
62187902
62268252
62347353
62376977
62376977
62376977
62376977
62377372
62489174
62489174
62514907
62515610
62536692
62536692
62536692
62536692
62536692
62566912
62572528
62748697
62805528
62817972
62831024
62898977
62898977
62898977
62901387
62901387
62901387
62901387
62901387
62901387
62902684
62902684
62902684
62902684
62902684
62942693
62978055
63059844
63059844
63113520
63113520
63118142
63132220
63201081
63269972
63328443
63340218
63358119
63454681
63454681
63500416
63548867
63597714
63597714
63597714
63597714
63631937
63732080
63732080
63732080
63732080
63792679
63865269
63876780
63930603
63972214
63972214
64022907
64023916
64023916
64023916
64050165
64058854
64135351
64135351
64135351
64135351
64135351
64160473
64188497
64188497
64208271
64223498
64251069
64285037
64285037
64287107
64287107
64287107
64325536
64325536
64344859
64348142
64402464
64406760
64406760
64406760
64421156
64452182
64452182
64460629
64477542
64477542
64505313
64505313
64524900
64552789
64650036
64650036
64650036
64652840
64652840
64652840
64652840
64670262
64688551
64705177
64729830
64729830
64749556
64804543
64822358
65036970
65036970
65068215
65069380
65083078
65099351
65099351
65165741
65188522
65335414
65342716
65375460
65430694
65434368
65434368
65454111
65454111
65512438
65527449
65563059
65598192
65603423
65716826
65716826
65730125
65730125
65873128
65967854
65967854
65976012
65976012
66062755
66062755
66127853
66137109
66153427
66222361
66276458
66276458
66276458
66288307
66366338
66449155
66449155
66481719
66516588
66522298
66549933
66549933
66682788
66682788
66730465
66750853
66768258
66775059
66775059
66775059
66845417
66860646
66863926
66863926
66875239
66885554
66885554
66941549
66983589
66983589
67003884
67003884
67003884
67020225
67093524
67093524
67131931
67174846
67174846
67225129
67257842
67276464
67281864
67374095
67389624
67389624
67407109
67427685
67468164
67577235
67577235
67577235
67577235
67625183
67709974
67709974
67721804
67721804
67721804
67783118
67800498
67800498
67802619
67802619
67802619
67802619
67804480
67804480
67804480
67829784
67854557
67884106
67886179
67935159
67953295
67975842
67975842
67975842
67986782
68088803
68088803
68093077
68110556
68129353
68129353
68129353
68131455
68131455
68131455
68131455
68202105
68229867
68229867
68242318
68370025
68390869
68572890
68626693
68626693
68689109
68744809
68744809
68744809
68744809
68745186
68786680
68819128
68819128
68819128
68837061
68876449
68876449
68876449
68889682
68905011
68905011
68916152
68916152
68924921
68927944
68940344
68964922
69013502
69013502
69029074
69092993
69092993
69107197
69127329
69166074
69192200
69192200
69192200
69192200
69217645
69348477
69348477
69349548
69349548
69349548
69349548
69374454
69376785
69519446
69539834
69539834
69539834
69616456
69622990
69626378
69626378
69628261
69678853
69686437
69686437
69766217
69790649
69790649
69796131
69851495
69973080
69973080
69975579
70014889
70105689
70105689
70118387
70129340
70139296
70139296
70227391
70259010
70259010
70259010
70270970
70270970
70290249
70335834
70338876
70360041
70360041
70379447
70389761
70444460
70444460
70447547
70460208
70592649
70611141
70611141
70611141
70611141
70611141
70611141
70630128
70630128
70630128
70651933
70690793
70765377
70765377
70783534
70854722
70868833
70868833
70920933
70960758
70962795
70968516
70968516
70968698
71043865
71043865
71051248
71051248
71072119
71088276
71088276
71093136
71093136
71093136
71159780
71177566
71202622
71202622
71286603
71336137
71336137
71359244
71405804
71440009
71440009
71605343
71605343
71647124
71660889
71681467
71681467
71688991
71715254
71785431
71787664
71864685
71864685
71904999
71941654
71958493
71990393
71990393
71990393
71990393
72058360
72058748
72067089
72093171
72093171
72093171
72093171
72093171
72093171
72093171
72093171
72143401
72143401
72147372
72152302
72217382
72222167
72291453
72291453
72325678
72325678
72401417
72401417
72425077
72425077
72494605
72553260
72556437
72594096
72638899
72650972
72776979
72776979
73023017
73053141
73053141
73053141
73055353
73055353
73055353
73055353
73113836
73113836
73188475
73209866
73209866
73269303
73327940
73327940
73327940
73348293
73412678
73419250
73419250
73475000
73475000
73475000
73491846
73491846
73491846
73509131
73571758
73571758
73571758
73571758
73571758
73649764
73682174
73682174
73682174
73682174
73768571
73852028
73874573
73931753
73931753
74079670
74092028
74092028
74144014
74152172
74168230
74170359
74197377
74267503
74268952
74289987
74303093
74305969
74382079
74382079
74392321
74511621
74511621
74511621
74511621
74511621
74511621
74573427
74609195
74679483
74679483
74742143
74877230
74906643
74945332
74945332
74945332
74962758
74979505
74979505
74979505
75005124
75005124
75009935
75009935
75009935
75036456
75036456
75055931
75102240
75119604
75196057
75380497
75380497
75380497
75380497
75421256
75511556
75521566
75528435
75528435
75528435
75536393
75561763
75561763
75561763
75607010
75646514
75646514
75646514
75646514
75650395
75672691
75672691
75672691
75672691
75698582
75698582
75698582
75720961
75778674
75778674
75778674
75783555
75811231
75811231
75842460
75851465
75851744
75863608
75868447
75948001
75948001
75948001
75961780
75994066
75994066
75994066
75994066
76079387
76150373
76191056
76191056
76191056
76191056
76238084
76288884
76309084
76324276
76324276
76344824
76429362
76444808
76448322
76491048
76491048
76491048
76586559
76598259
76611001
76611001
76632977
76632977
76678390
76683612
76683612
76709329
76709329
76819443
76824869
76840237
76840954
76840954
76864397
76864397
76909401
76909401
76909401
76912384
76912384
76912384
76916512
76916512
77010576
77011418
77011418
77011418
77046372
77057733
77058807
77058807
77059609
77077904
77077904
77077904
77097606
77163311
77163311
77168921
77169177
77169177
77180923
77180923
77215498
77258823
77300685
77300685
77300685
77376442
77444535
77490951
77490951
77528476
77528476
77554511
77567107
77643752
77686080
77698164
77742137
77742137
77779539
77790779
77842288
77842288
77895287
77993311
77993311
78168776
78170158
78176298
78176298
78202389
78209530
78252020
78299867
78299867
78347511
78347511
78348955
78348955
78383951
78383951
78383951
78409308
78486432
78495211
78562305
78569001
78569001
78569245
78602232
78634352
78681296
78681296
78681296
78681296
78709610
78725341
78755645
78755645
78770044
78777483
78783674
78783674
78788506
78788506
78788506
78788506
78788506
78837569
78847064
78867067
78867067
78868416
78926662
78942584
78942584
78955379
79011359
79018958
79018958
79042601
79057047
79057047
79057047
79091815
79113213
79131398
79144152
79188320
79294031
79324111
79324111
79351965
79367079
79367079
79367079
79367079
79388250
79388250
79388250
79468372
79521667
79526170
79526170
79526170
79526170
79529449
79642995
79665275
79665275
79674021
79674021
79674021
79674021
79739316
79742921
79763127
79763127
79763127
79763127
79763127
79806289
79816753
79816753
79826816
79826816
79831388
79859006
79896284
79896284
79932286
80013371
80051387
80051387
80092949
80092949
80136404
80168925
80175385
80175385
80175385
80247658
80248238
80281315
80343584
80365229
80365229
80425415
80425415
80425415
80425415
80425415
80425415
80452118
80564670
80569656
80569656
80569656
80624645
80687257
80707411
80812231
80844079
80850644
80850644
80940029
80940475
80955192
80955192
80956679
80956679
80956679
80979512
80991618
80991618
80991618
80991618
80991618
80991618
80993501
81025614
81107867
81107867
81114206
81114206
81157376
81202214
81212436
81212436
81212436
81218438
81300380
81309339
81318716
81318716
81318716
81345567
81347408
81347408
81382779
81421751
81444734
81444734
81444734
81444734
81479653
81503628
81531945
81614027
81614027
81614027
81614027
81660287
81715772
81757392
81763939
81797352
81797352
81819145
81859144
81859144
81886575
81894846
81907260
81930381
81940845
81973894
81998973
81998973
81998973
82030912
82038690
82060718
82060718
82303368
82478764
82478764
82550308
82615417
82640259
82652920
82652920
82659436
82694262
82703502
82766152
82766152
82809119
82816431
82816431
82818034
82838640
82838640
82854947
82854947
82854947
82915165
82935715
82935715
82935715
82935715
82945832
82967047
82973505
82973505
82985298
83045308
83098112
83116856
83156490
83180873
83193982
83193982
83193982
83222421
83222421
83222421
83238770
83271396
83271485
83271485
83271485
83289808
83321871
83333210
83343476
83343476
83343476
83368440
83375101
83419575
83419575
83454981
83454981
83454981
83454981
83476570
83492775
83492775
83493070
83536170
83536364
83557358
83566693
83568284
83568284
83568284
83568284
83627193
83627193
83644993
83669604
83669604
83692330
83692330
83692330
83692330
83697245
83697245
83697245
83756464
83756464
83756464
83775073
83775073
83796258
83796258
83839562
83880370
83947839
83947839
83947839
83969984
84083470
84083470
84095994
84095994
84124616
84131740
84139349
84139349
84139349
84139349
84139349
84165789
84169363
84213654
84337317
84348642
84348642
84348642
84358101
84436365
84436365
84450352
84450352
84450352
84450352
84450352
84450352
84450352
84496853
84496853
84530324
84530324
84590027
84724848
84726748
84734836
84735189
84735189
84768262
84800103
84800103
84800103
84863391
84869319
84869319
84869319
84869319
84880748
84898076
84909995
84909995
84909995
84925002
84933620
84948875
84948875
84948875
84959350
84973178
85044348
85055012
85096657
85207078
85207078
85247617
85247617
85278272
85289059
85395191
85395191
85395191
85395191
85395191
85395191
85395191
85395191
85396188
85401529
85403307
85409695
85438134
85466043
85466043
85466043
85466043
85539639
85544446
85551890
85608607
85644271
85691779
85691779
85740130
85740130
85771620
85771620
85771620
85780859
85901723
85901723
85901723
85901723
85999716
86055454
86062459
86064905
86085951
86211126
86211126
86211126
86241558
86241558
86241558
86253238
86253238
86253238
86253845
86304535
86331085
86331085
86331085
86331085
86355400
86359668
86359668
86359668
86387252
86394822
86399436
86399436
86405262
86405262
86405262
86419554
86430560
86430560
86430560
86430560
86461823
86466654
86466654
86466654
86467580
86467580
86467580
86571977
86571977
86585774
86605815
86605815
86703435
86750447
86750447
86750447
86781670
86797453
86856833
86893376
86893376
86951473
86951473
86963846
86963846
86963846
86976425
87005223
87005223
87046451
87055589
87055589
87088535
87092899
87095596
87174127
87187554
87187554
87189443
87247580
87247580
87363977
87386583
87396960
87396960
87410090
87425758
87456568
87456568
87456568
87456568
87504536
87608058
87610767
87614700
87687950
87716385
87764717
87764717
87772906
87772906
87772906
87772906
87772906
87826355
87826355
87833930
87838199
87838199
87838199
87838199
87864447
87936231
87936231
87963848
87969539
87969539
87969539
87969539
88045249
88074090
88074090
88074090
88074090
88074090
88112887
88112887
88168805
88168805
88223419
88245596
88271685
88293206
88293206
88313295
88342214
88342214
88342214
88342214
88342214
88352550
88352550
88375688
88375688
88375688
88375688
88425204
88439378
88439378
88487279
88487279
88487279
88487279
88539556
88558305
88602092
88670545
88735211
88740490
88779860
88779860
88806580
88806580
88810682
88810682
88831082
88877298
88877298
88886515
88886515
88891482
88891482
88891482
88967566
88967566
88967566
88970912
88989739
89026768
89026768
89027724
89037058
89045070
89118104
89118104
89120512
89124626
89186474
89186474
89239358
89239358
89239358
89282420
89282420
89289284
89326166
89330654
89330654
89337625
89337625
89337625
89356507
89373435
89394488
89394488
89444479
89444479
89468219
89468219
89468219
89499865
89527109
89527109
89574431
89574431
89583402
89583402
89583402
89594970
89594970
89599990
89602337
89617220
89617220
89617220
89617220
89617220
89617220
89617220
89672171
89672171
89672171
89672171
89679375
89733019
89733019
89750795
89753943
89753943
89783514
89855210
89855210
89855210
89855210
89855210
89855210
89855210
89868518
89872124
89872124
89872124
89872124
89913076
89913076
89964103
89964103
89964103
89964103
89964103
89964103
89987093
90108576
90148330
90148330
90239669
90264894
90280295
90305264
90305264
90400034
90468202
90536999
90536999
90536999
90538952
90562900
90602249
90636427
90636427
90636427
90636427
90636427
90636427
90638316
90674808
90674808
90764015
90764015
90847525
90906425
90906425
90912910
90912910
90958533
90958533
91004387
91023012
91023012
91104923
91104923
91104923
91176513
91184054
91184054
91184054
91184054
91184054
91184054
91189794
91205953
91223566
91223566
91281302
91328748
91339684
91339684
91339684
91352039
91352039
91352039
91352039
91410649
91410649
91410649
91465321
91465321
91564947
91597590
91597590
91597590
91597590
91609379
91732619
91769683
91779395
91779395
91779395
91779395
91792056
91806984
91856977
91880836
91880836
91880836
91880836
91880836
91882808
91882813
91882813
91947838
91947838
91977253
91977253
91977253
91977253
92034358
92034358
92041866
92074036
92076573
92076573
92076573
92152787
92152787
92213123
92229210
92247099
92247099
92267942
92280151
92280151
92307828
92411444
92411444
92411444
92475481
92511111
92525363
92564345
92566971
92566971
92566971
92599384
92599384
92599384
92670896
92730486
92730486
92730486
92783221
92793434
92793434
92793434
92793434
92866497
92866497
92881182
92881182
92881182
92928972
92940946
93017336
93023955
93057501
93083295
93102547
93102547
93102628
93102628
93203079
93203079
93203079
93203079
93203079
93253970
93253970
93328633
93405746
93450763
93450763
93450763
93560876
93595816
93677685
93677685
93707124
93707124
93707124
93729197
93729197
93729197
93785688
93785688
93785688
93785688
93786049
93838552
93846971
93846971
93846971
93866056
93872391
93872391
93872391
93925815
94000901
94000901
94046388
94046388
94076873
94076873
94078061
94078061
94078061
94078061
94091721
94091721
94122588
94129279
94161028
94161028
94162208
94162208
94162208
94236503
94255984
94256457
94264145
94264145
94293767
94293767
94293767
94297429
94301177
94311666
94311666
94335345
94335345
94335345
94335345
94362418
94373548
94433627
94470240
94470240
94470240
94470240
94479886
94542041
94542041
94565821
94688930
94688930
94699480
94707973
94754596
94796566
94811761
94814971
94814971
94814971
94831007
94831007
94831007
94866037
94866037
94903117
94907219
94914874
94919002
94919002
94919002
94919002
94919002
94926732
94926732
94926732
94926732
94933797
94937796
94972988
94972988
95011294
95016659
95036793
95036793
95036793
95036793
95036793
95036793
95052892
95052892
95065926
95065926
95070571
95124877
95129440
95134622
95134622
95146597
95146597
95257287
95257287
95257287
95262683
95283366
95285073
95308434
95308434
95379905
95379905
95379905
95393677
95444396
95466630
95466630
95492893
95492893
95492893
95514191
95514191
95514191
95514191
95523660
95525626
95525626
95525626
95526458
95526458
95526458
95552044
95552738
95552738
95558335
95585222
95585222
95585222
95585222
95600863
95614153
95614153
95614153
95614153
95614153
95614153
95662354
95861068
95864194
95909118
95970852
95972243
95972243
96019913
96038821
96038821
96038821
96075001
96085343
96085343
96085343
96086530
96086800
96086800
96086800
96086800
96093815
96093815
96093815
96131210
96131210
96131210
96131210
96137227
96240832
96319836
96323778
96328701
96346742
96376254
96387162
96387162
96403319
96471144
96478703
96478703
96478703
96478703
96481844
96489983
96489983
96489983
96490346
96490346
96490346
96491316
96510639
96514478
96533611
96533611
96533611
96533611
96533611
96630800
96630995
96631536
96765552
96765552
96767051
96767051
96782576
96792859
96816096
96896864
96982114
97047668
97047668
97047668
97047668
97047668
97062319
97062319
97062319
97062319
97078384
97113275
97113275
97113275
97113275
97113275
97113275
97113275
97168688
97168688
97168688
97168688
97359636
97388203
97417826
97417826
97417826
97445218
97445218
97445218
97445218
97445218
97472136
97472136
97477830
97505125
97505125
97505125
97518290
97520744
97540984
97548393
97589217
97589217
97589217
97623423
97640041
97640041
97679099
97744187
97799643
97821872
97821872
97848368
97848368
97851116
97938792
97938792
97938992
97938992
97941427
97988657
97993112
98025459
98052308
98052308
98064406
98078293
98176528
98179877
98179877
98179877
98179877
98180309
98180309
98180309
98265297
98265297
98265297
98265297
98265297
98265297
98345537
98345537
98345537
98350489
98434855
98434855
98434855
98434855
98434855
98475951
98546416
98612519
98636954
98636954
98636954
98667157
98667157
98686945
98690935
98690935
98690935
98700126
98700126
98706842
98723235
98727537
98727537
98807419
98807419
98826626
98826626
98869277
98869277
98869277
98869277
98869277
98869277
98874763
98874763
98874763
98906822
98906822
98922773
98922773
98959508
98961111
98961111
98967096
98967096
98967096
98967096
98967096
98999327
99059716
99070220
99070220
99070220
99070220
99070220
99093482
99093482
99155276
99156842
99159270
99159270
99180705
99180705
99180705
99192509
99222291
99224673
99224673
99251077
99251077
99258312
99315218
99359095
99359095
99425533
99432479
99447948
99447948
99447948
99447948
99447948
99447948
99554682
99557950
99557950
99562406
99577718
99588157
99588157
99602435
99649891
99673561
99673561
99673561
99706729
99718587
99724194
99724194
99742882
99742882
99749115
99749115
99749115
99777738
99854644
99874961
99900260
99908903
99922136
99922136
99925429
99925429
99925429
99925429
99925429
99925429
99985974
100008963
100008963
100008963
100008963
100008963
100010030
100010030
100030892
100064073
100064073
100097608
100123235
100159751
100188009
100188009
100203467
100207778
100222826
100222826
100245137
100245137
100245137
100246101
100246101
100246101
100246101
100246101
100246101
100269306
100269306
100341910
100341910
100394596
100394596
100394596
100394596
100398290
100421117
100421117
100437573
100437573
100465184
100531642
100541385
100541385
100541385
100541385
100607903
100607903
100607903
100622115
100629736
100629736
100629736
100629736
100629736
100724452
100724452
100724452
100724452
100748653
100770678
100770678
100806434
100806434
100806434
100806434
100843917
100846984
100863543
100863543
100863543
100863543
100903585
101017357
101017357
101068025
101127093
101127093
101148626
101150707
101150707
101201660
101201660
101294837
101416533
101421174
101423934
101423934
101497767
101525431
101525431
101525431
101552937
101552937
101629428
101642961
101652637
101652637
101652637
101692345
101692345
101692345
101700264
101700264
101700264
101769296
101781469
101786535
101786535
101786535
101823728
101866000
101868387
101868387
101915698
101915698
101915698
101919003
101919003
101919003
101919003
101919003
101919003
101919003
101927732
101946131
101946131
101984971
101996808
102056923
102086536
102188077
102200043
102200043
102200043
102200043
102231102
102268155
102268155
102268155
102268155
102269252
102308835
102308835
102335743
102335743
102347845
102365696
102400376
102400539
102415567
102432437
102435044
102435044
102435044
102435044
102441734
102442079
102442079
102442079
102442079
102442079
102442079
102442079
102442079
102458691
102458691
102496857
102496857
102496857
102506518
102506518
102506518
102506518
102508670
102508670
102569793
102569793
102569793
102569793
102569793
102569793
102582603
102582603
102582603
102582603
102582603
102582603
102582603
102582603
102582603
102582603
102582706
102595277
102668828
102668828
102668828
102668828
102802771
102802771
102802771
102802771
102802771
102832537
102832537
102832537
102867183
102867183
102895407
102895407
102896464
102896464
102896464
102896464
102896464
102896464
102987975
103009507
103009507
103009507
103020995
103020995
103020995
103022399
103041749
103041749
103041749
103041749
103121336
103121336
103121336
103284477
103310111
103310111
103329788
103350415
103355861
103372407
103407010
103492322
103492322
103510980
103555915
103570914
103570914
103586511
103591785
103591785
103626032
103638427
103670445
103672525
103672525
103672525
103672525
103672525
103672525
103690010
103743099
103744968
103783360
103857560
103857560
103872336
103872336
103872336
103892588
103941985
103952697
103952697
103989719
104004469
104004469
104043333
104064969
104064969
104064969
104064969
104101183
104101183
104122932
104122932
104122932
104122932
104166960
104245825
104245825
104245825
104326100
104344799
104344799
104377501
104387938
104411953
104417032
104419326
104419326
104419326
104419326
104419326
104442803
104452585
104452585
104452585
104452585
104452585
104624984
104641694
104641694
104648545
104669434
104669434
104669434
104669434
104669434
104702890
104702890
104702890
104705796
104765096
104765096
104765096
104781790
104812720
104812720
104812720
104812720
104812720
104812720
104812720
104821076
104882823
104882823
104882823
104882823
104911481
104916673
104918698
104918698
104918698
104918698
104918698
104937133
104937133
104937133
104959633
104959633
104959633
104959633
104959633
104959633
104991874
105099753
105115441
105140191
105140559
105149825
105152505
105152505
105152505
105152505
105152505
105262161
105262161
105262161
105262161
105269225
105269225
105325075
105346762
105346762
105346762
105346762
105346762
105355777
105396274
105396274
105396274
105396274
105396274
105432438
105439419
105439419
105439419
105478147
105478147
105510962
105514610
105514610
105514610
105514610
105514610
105514610
105525905
105529786
105539394
105539394
105615941
105659733
105666075
105671831
105680901
105727047
105727047
105732346
105732346
105793904
105803967
105803967
105803967
105810508
105810508
105810508
105834886
105853533
105853533
105853533
105853533
105853533
105853970
105920693
105920693
105922750
105930569
105933933
105933933
105933933
105994300
105994300
105994300
105994300
105994300
105994300
105994300
105994300
105994300
106001846
106020441
106061865
106061865
106093441
106110451
106110451
106110451
106114934
106136386
106136386
106168333
106199566
106224108
106224108
106248584
106292703
106292703
106294593
106294593
106294593
106323489
106355900
106355900
106403097
106421768
106511819
106511819
106511819
106511819
106511819
106527481
106527481
106527481
106527481
106527481
106527481
106534662
106534662
106535242
106535242
106551430
106551430
106555612
106555612
106563842
106563842
106563842
106607705
106607705
106655421
106655421
106655421
106663010
106663010
106663010
106663010
106663010
106663010
106663010
106663010
106673898
106701044
106701044
106707054
106707054
106707054
106792911
106822346
106833227
106833227
106949742
106949742
107103718
107115150
107115150
107115150
107181104
107181104
107181104
107181104
107181104
107209031
107209031
107224682
107224682
107224682
107224682
107224682
107224682
107224682
107237222
107284100
107298734
107315745
107328848
107328848
107333567
107351944
107353819
107353819
107382247
107430687
107481478
107481478
107645826
107645826
107645826
107645826
107645826
107645826
107645826
107645826
107645826
107645826
107645826
107679750
107679884
107679884
107722567
107751863
107764562
107770441
107784824
107814654
107836789
107839327
107839327
107839327
107851405
107863436
107863436
107865827
107869832
107921654
107928654
107985383
107989021
108058116
108058116
108058116
108058116
108058116
108107600
108189308
108189308
108250270
108286475
108310257
108338250
108338250
108338250
108338250
108345163
108373194
108373194
108373194
108373194
108378354
108378354
108378354
108394588
108394588
108404042
108411989
108411989
108411989
108411989
108411989
108411989
108436795
108436795
108441682
108441682
108444898
108444898
108469165
108469165
108491099
108554717
108554717
108572203
108572203
108621427
108621427
108624727
108663688
108663688
108663688
108671516
108671516
108679203
108713130
108863293
108868986
108869288
108869288
108891905
108935548
108935548
108955263
108977549
108982537
108992785
108992785
109022357
109022357
109087893
109087893
109087893
109088049
109088049
109088049
109088049
109088049
109109253
109109253
109135090
109135090
109135090
109143980
109143980
109143980
109147288
109187387
109246400
109254974
109263744
109277782
109277782
109277782
109277782
109298251
109298251
109366450
109366450
109530496
109530496
109530496
109546952
109561708
109563520
109622204
109622204
109622204
109622204
109622204
109622204
109622204
109622204
109623995
109648569
109656707
109671775
109676169
109676169
109676169
109676169
109708140
109708140
109708140
109708140
109797240
109921794
109921794
109922521
109925149
109925149
109954360
109960339
109960339
109960339
110010860
110021555
110021555
110021555
110118414
110118414
110127755
110182798
110182798
110192056
110192056
110192056
110206878
110243153
110243153
110287274
110315976
110315976
110315976
110315976
110315976
110315976
110315976
110315976
110315976
110315976
110428880
110484270
110484270
110520289
110541082
110545716
110545716
110545716
110545716
110547449
110559880
110621145
110621145
110661659
110661659
110661659
110726264
110741445
110741445
110741445
110750958
110750958
110750958
110750958
110750958
110759718
110759718
110759718
110772050
110785220
110785220
110876246
110890391
110890391
110931889
110966879
111006729
111006729
111014366
111089844
111089844
111104488
111104488
111104488
111104488
111104488
111142950
111193665
111226149
111226149
111229288
111238996
111238996
111248538
111248538
111248538
111248538
111248538
111295154
111299934
111358027
111358027
111358027
111421996
111422774
111422774
111434042
111434042
111434042
111478729
111478729
111478729
111478729
111540746
111540746
111540746
111590652
111590652
111590652
111607723
111609981
111609981
111609981
111609981
111621381
111621381
111636380
111652072
111652072
111658008
111658008
111716718
111716718
111716718
111728144
111749226
111749226
111749226
111749226
111772492
111772492
111772492
111772492
111828149
111828149
111828149
111828149
111856008
112030846
112030846
112037308
112037308
112059965
112059965
112059965
112068037
112085838
112086074
112086074
112086074
112086074
112177202
112177202
112177202
112182203
112182203
112187919
112187919
112201598
112201598
112201598
112201598
112213439
112228400
112230087
112241054
112241054
112258202
112259698
112263643
112282502
112282502
112282502
112282502
112282502
112316179
112316179
112318232
112318232
112318232
112358128
112358128
112358128
112358128
112359345
112392566
112392566
112392566
112392566
112405986
112416786
112416786
112431443
112431443
112431443
112431443
112458761
112467012
112473969
112473969
112473969
112473969
112473969
112473969
112473969
112488318
112488318
112488318
112488318
112488318
112530289
112530289
112559763
112571828
112571828
112571828
112571828
112571828
112571828
112571828
112578299
112578299
112585076
112585076
112588105
112588105
112620265
112673987
112673987
112673987
112751153
112751153
112751153
112751153
112777980
112777980
112777980
112830345
112830345
112833591
112833591
112833591
112845706
112845706
112860072
112860072
112860072
112860072
112877983
112891352
112930393
112945582
112946504
112953719
112953719
112953719
112955280
112958065
112969354
113004903
113004903
113004903
113016695
113016695
113016695
113016695
113016695
113016695
113016695
113016695
113016695
113039616
113142042
113142042
113158869
113158869
113158869
113158869
113158869
113160215
113160215
113237131
113237131
113356465
113356465
113414031
113414031
113414031
113416005
113451981
113485875
113494220
113494220
113494220
113494220
113514723
113514723
113514723
113534497
113557632
113563732
113563732
113563732
113565010
113613730
113666673
113690236
113690236
113690236
113690236
113690236
113690236
113690236
113690236
113690236
113690236
113690236
113690236
113732141
113734597
113750449
113750449
113750449
113750449
113773190
113773190
113823802
113825427
113825427
113825427
113896761
113896761
113896761
113896761
113957312
113957312
113969951
113969951
113969951
113969951
114017665
114047942
114047942
114047942
114047942
114047942
114062070
114078566
114087021
114087021
114104810
114104810
114104810
114109503
114109503
114109503
114109503
114109503
114109503
114116180
114116180
114121731
114146731
114160168
114170185
114170185
114170185
114179891
114227545
114227545
114227545
114278151
114278151
114288516
114288516
114316720
114316720
114316720
114316720
114346818
114346818
114346818
114364770
114364770
114395941
114395941
114395941
114404443
114419191
114419191
114443147
114443147
114509475
114521765
114521765
114521765
114540157
114542778
114548806
114602470
114602470
114606494
114606494
114606494
114639998
114639998
114671759
114671759
114689900
114713562
114713562
114753619
114753619
114765830
114765830
114765830
114765830
114765830
114765830
114765830
114769567
114769567
114776596
114776596
114776596
114779116
114779116
114779116
114779116
114779116
114779116
114779116
114779116
114779116
114779116
114779116
114786544
114819318
114917630
114930741
114939755
114939755
114962081
115012155
115029194
115029194
115052052
115052052
115052052
115052052
115052052
115052052
115052052
115057730
115057730
115070607
115070607
115070607
115070607
115070607
115070607
115070607
115103362
115124939
115124939
115124939
115149070
115154963
115154963
115154963
115173202
115229808
115229808
115229808
115229808
115272398
115302138
115302138
115302138
115302138
115337157
115383504
115383504
115399420
115399420
115451806
115451806
115451806
115473711
115485826
115485826
115502290
115502290
115526889
115526889
115545389
115599412
115605308
115631772
115710922
115719214
115729409
115747328
115783634
115783634
115783634
115797011
115797011
115797011
115798181
115798181
115825597
115825597
115828570
115884075
115889965
115889965
115889965
115923276
115975717
115975717
115991659
116116938
116116938
116116938
116147560
116147560
116147560
116160507
116219391
116228517
116228517
116228517
116258420
116293018
116318237
116318237
116318237
116318237
116318237
116318237
116319106
116350966
116356427
116356427
116365525
116403694
116403694
116463997
116463997
116463997
116479941
116501129
116501129
116501129
116501129
116501129
116540404
116540404
116547368
116547368
116547368
116547368
116547368
116547368
116547368
116559655
116559655
116559655
116559655
116559655
116559655
116576351
116576351
116577219
116620409
116620409
116645418
116645418
116645418
116680829
116689483
116689483
116689483
116709991
116756193
116756193
116794494
116794494
116794494
116794494
116794692
116794692
116794692
116804469
116804469
117032294
117079970
117079970
117086390
117086390
117086390
117086390
117086390
117093290
117093290
117093290
117093290
117093290
117093290
117093290
117093290
117093290
117093290
117093290
117093290
117093290
117093290
117110753
117110753
117128476
117128476
117146930
117146930
117146930
117150912
117162777
117186478
117215630
117215630
117215630
117215630
117254289
117282162
117282162
117337623
117344857
117344857
117344857
117344857
117360501
117385718
117385718
117389709
117389709
117389709
117422752
117425513
117537710
117537710
117537710
117560464
117560464
117560464
117560464
117574710
117574710
117605128
117608116
117608326
117627704
117627704
117633848
117677558
117765319
117765319
117765319
117804923
117862310
117883322
117900374
117919223
117988241
118033305
118033305
118042372
118099193
118099193
118121918
118178508
118182537
118196140
118225331
118225331
118237672
118237672
118294982
118294982
118340640
118349569
118349569
118349569
118371691
118371691
118441422
118441422
118468979
118468979
118468979
118468979
118470013
118470013
118488657
118514749
118552687
118552687
118552687
118552687
118552687
118556782
118556782
118556782
118556782
118641253
118660137
118696891
118778337
118778337
118778337
118827348
118827348
118851945
118851945
118851945
118860543
118860543
118860543
118860543
118876179
118911329
118911329
118911329
118916583
118984183
118984183
118994291
119007015
119015270
119015270
119015270
119015270
119017452
119017452
119017452
119017452
119017452
119017452
119017452
119018828
119018828
119018828
119018828
119026446
119094794
119094794
119094794
119146527
119146527
119146527
119146527
119152702
119166142
119170458
119184676
119211549
119211549
119238008
119316047
119316047
119316047
119368044
119368356
119378625
119378625
119378625
119378625
119378625
119416241
119451148
119451148
119463527
119463527
119463527
119463527
119463527
119463527
119463527
119463527
119463527
119528128
119528128
119528128
119529880
119533389
119533389
119550228
119550228
119550228
119566224
119566224
119566224
119599026
119599026
119599026
119599026
119599026
119613941
119613941
119616497
119616497
119616497
119616497
119616497
119620168
119620168
119620168
119704166
119704166
119704166
119730492
119733932
119734593
119765816
119765816
119780926
119784619
119823120
119823618
119870201
119881169
119916829
119916829
119938479
119954736
119954736
119974270
119974270
119991792
119991792
120002774
120063812
120085214
120095367
120095367
120095367
120095367
120095367
120095367
120095367
120095367
120095367
120100275
120183459
120183459
120314325
120314325
120314325
120314325
120314325
120321375
120321375
120321375
120339988
120339988
120388393
120388393
120442246
120473820
120473820
120475307
120475307
120526048
120526048
120526048
120531205
120531205
120531205
120602120
120640816
120640816
120677952
120677952
120709604
120709604
120709604
120709604
120709630
120747573
120747573
120749896
120796099
120796099
120796099
120796099
120796099
120796390
120796390
120832976
120838748
120838748
120838748
120845695
120860054
120860054
120860054
120860054
120860054
120860323
120860323
120861680
120861680
120903644
120903644
120903644
120914965
120914965
120914965
120914965
120924569
120924569
120930559
120960660
120960660
120975403
120990806
121021982
121021982
121021982
121027466
121027466
121027466
121027466
121027466
121032858
121032858
121032858
121112931
121112931
121112931
121112931
121112931
121123963
121123963
121123963
121123963
121123963
121123963
121123963
121123963
121123963
121130698
121134229
121178067
121178067
121197381
121206893
121206893
121360509
121370088
121436553
121570397
121605346
121605346
121639840
121639840
121656569
121656569
121656569
121711927
121747177
121756552
121756552
121758484
121758484
121778858
121784925
121784925
121784925
121784925
121784925
121784925
121784925
121790666
121790666
121823495
121863099
121863099
121863099
121959134
121974849
121980125
121980125
121994784
121994784
121994784
122006557
122036613
122041411
122041411
122108457
122108457
122108457
122108457
122108457
122179915
122185274
122185274
122188665
122188687
122188687
122188687
122188687
122188687
122241012
122252753
122256190
122256190
122256190
122295353
122295353
122295353
122295353
122295353
122356599
122356599
122380267
122380267
122380267
122380267
122380267
122381954
122381954
122412338
122412338
122412338
122418041
122452309
122491233
122491233
122491233
122491560
122509485
122567968
122567968
122606614
122694092
122695777
122695777
122702344
122713933
122713933
122747210
122747210
122766626
122766626
122845278
122845982
122845982
122845982
122845982
122845982
122845982
122845982
122865772
122865772
122882598
122882598
122888521
122904550
122911404
122911404
122923691
122923691
122923691
122949082
122949082
123011170
123011170
123011170
123019646
123028463
123028463
123035597
123078317
123078317
123133977
123133977
123133977
123133977
123133977
123133977
123133977
123133977
123134970
123153970
123153970
123206567
123211435
123211435
123249260
123267759
123267759
123267759
123273432
123273432
123273432
123273432
123294652
123294652
123294652
123294652
123294652
123294652
123307739
123307739
123307739
123307739
123307739
123307739
123307739
123350982
123357718
123357718
123357718
123357718
123357718
123357718
123357718
123357718
123357718
123361624
123394254
123421516
123421516
123472710
123489080
123489080
123492486
123492486
123492486
123506126
123604049
123604049
123604049
123604049
123604049
123604049
123604632
123604632
123608993
123714104
123739976
123739976
123847531
123853684
123856649
123856649
123856649
123856649
123856649
123883681
123883681
123886791
123886791
123886791
123886791
123886791
123886791
123886791
123886791
123886791
123886791
123886791
123888312
123888312
123911206
123915349
123915349
123915349
123915349
123915349
123962941
123962941
123962941
124004577
124004577
124004577
124004577
124004577
124030049
124030049
124056739
124058651
124058651
124058651
124058651
124058651
124058651
124072760
124072760
124072760
124072760
124089201
124089201
124154711
124154711
124154711
124163233
124180682
124201629
124201629
124201629
124201629
124205854
124205854
124278643
124301466
124301466
124306355
124306355
124312025
124344860
124349883
124354506
124354506
124441507
124441507
124507422
124568080
124598338
124605370
124605370
124650152
124674664
124715666
124715666
124715666
124737296
124737296
124737296
124737296
124737296
124737296
124737296
124737296
124737296
124737296
124737296
124737296
124737296
124737296
124760053
124760053
124761188
124761188
124795406
124795406
124805473
124835696
124835696
124859557
124859557
124859557
124859557
124859557
124859557
124859557
124859557
124859557
124862750
124862750
124862750
124862750
124881312
124889162
124905148
124909338
124909338
124909338
124960353
124960353
124966209
124966209
124966209
124966209
124966209
124966209
124966209
124993948
124994099
124994099
124994099
124994099
124994099
124994099
124996439
124996439
125007030
125011481
125022461
125022461
125022461
125032638
125048419
125049897
125049897
125049897
125049897
125099402
125170310
125170310
125170310
125170310
125170313
125233957
125233957
125233957
125233957
125233957
125233957
125254217
125254217
125254217
125263558
125276105
125332600
125344223
125344223
125344223
125344223
125344223
125366778
125366778
125366778
125368509
125456784
125456784
125476639
125496929
125496929
125496929
125503110
125503110
125577788
125577788
125577788
125577788
125577788
125579968
125579968
125579968
125584967
125584967
125614665
125641695
125641695
125658132
125698661
125703020
125703020
125703020
125703020
125703020
125703020
125720102
125720102
125746688
125746688
125751543
125751543
125766670
125766670
125766670
125768131
125768131
125768131
125768131
125768131
125768131
125768131
125774700
125774700
125774700
125774700
125867052
125867052
125867052
125867052
125892989
125953903
125953903
125953903
125961238
125961238
125961238
125961238
125961238
125961238
125961238
125962679
125962679
125962679
125962679
125962679
125962679
125962679
126015419
126019464
126019464
126019464
126037684
126037684
126051246
126051246
126095653
126095653
126095653
126095653
126098129
126098129
126127440
126127440
126241728
126241728
126244917
126262035
126262035
126274927
126274927
126278087
126278087
126278087
126291982
126320526
126336501
126336501
126336501
126343083
126343083
126343083
126363111
126368711
126369512
126380715
126380715
126405987
126449170
126486339
126505730
126505730
126531764
126540267
126540267
126540267
126540267
126540267
126540267
126541639
126541639
126546183
126546183
126546183
126546183
126546183
126546183
126546183
126546361
126546361
126593179
126593179
126640438
126640438
126640438
126640438
126640438
126713611
126713611
126713611
126713611
126713611
126713611
126733501
126733501
126733501
126733501
126733501
126733501
126733501
126733501
126744159
126808518
126808518
126808518
126832407
126833309
126880095
126880095
126880095
126880095
126880095
126880095
126880095
126880095
126880095
126880095
126893202
126932072
126932072
126932072
126937980
126952420
126952420
126952420
126986368
127026835
127079024
127079024
127079024
127079024
127079024
127091194
127101123
127170148
127170148
127188720
127302267
127302267
127339893
127339893
127339893
127339893
127339893
127339893
127339893
127403745
127403745
127409077
127409077
127409077
127409077
127409077
127409077
127498728
127520981
127520981
127520981
127520981
127571903
127571903
127571903
127571903
127571903
127585485
127585485
127585485
127585485
127585485
127585485
127604052
127605233
127605233
127609821
127609821
127609821
127609821
127609821
127612227
127612987
127612987
127631722
127631722
127631722
127631722
127631722
127653487
127653487
127653487
127653487
127715500
127715500
127727854
127775195
127775195
127833411
127852093
127852093
127852093
127852093
127860263
127860263
127887064
127887919
127933875
127933875
127948404
127950311
127950311
127950311
127950311
127950311
127950311
127950311
127950311
127950311
127950311
127959992
127959992
127959992
127962129
127962129
127962129
127999934
127999934
128041009
128041009
128041009
128041009
128041009
128071353
128071353
128071353
128115267
128115267
128147787
128170098
128170098
128170098
128170098
128170098
128199269
128199269
128199269
128221983
128238248
128246146
128264013
128359138
128405576
128405576
128413382
128413382
128447901
128450259
128450259
128450259
128450259
128450259
128450259
128468640
128469117
128469117
128469117
128469117
128502100
128526260
128526260
128526260
128526260
128526260
128535830
128535830
128535830
128535830
128538426
128563130
128581500
128581500
128627712
128627712
128627712
128627712
128627712
128643158
128643158
128643158
128670676
128707361
128707361
128707361
128707361
128708013
128708013
128708013
128718938
128718938
128718938
128718938
128718938
128759883
128759883
128760256
128760256
128760646
128760646
128760646
128776496
128776496
128776496
128776496
128783806
128795838
128805093
128833306
128852511
128852511
128852511
128868398
128868398
128868398
128868398
128947256
128956608
128956608
128963012
128963012
128963012
128963012
128963012
128963012
128963012
128980590
128985859
129000729
129014371
129014371
129014371
129041869
129041869
129041869
129046278
129102543
129102543
129102543
129102543
129107437
129107437
129107437
129107437
129122142
129122142
129122142
129162426
129162426
129162426
129184758
129184758
129209113
129209113
129209113
129209113
129217563
129217563
129229948
129229948
129229948
129229948
129232129
129232129
129232129
129232129
129234620
129234620
129234620
129236558
129236558
129249373
129249373
129249373
129249373
129249373
129249373
129271421
129272367
129272367
129280620
129325999
129325999
129341116
129341116
129341116
129341116
129341116
129341116
129341116
129341116
129341116
129341116
129341116
129341116
129341116
129349143
129349143
129349143
129349143
129355379
129355379
129355379
129376193
129376193
129403397
129403397
129403397
129403397
129403397
129403397
129403397
129413138
129413138
129413138
129413138
129413138
129417027
129417027
129417027
129423784
129446630
129446630
129490206
129490206
129490206
129490206
129516638
129581708
129581708
129581708
129581708
129581708
129581708
129581708
129595737
129595737
129595737
129612915
129612915
129612915
129620030
129675592
129675592
129698442
129698442
129698442
129698442
129698442
129698442
129716626
129716626
129716626
129716626
129716626
129716626
129716626
129716626
129811140
129811140
129811140
129841038
129841038
129841038
129844205
129854003
129860709
129886379
129886379
129886379
129886379
129886379
129886379
129886379
129894920
129905578
129905578
129913466
129913466
129929999
129931020
129986394
129986394
129986394
129986394
129986394
129986394
129986394
130021790
130021790
130040334
130040334
130040334
130040334
130040334
130040334
130040334
130040334
130040334
130040334
130040334
130081107
130081107
130081107
130081107
130086116
130086116
130086116
130086116
130134448
130135375
130135375
130135375
130136917
130136917
130136917
130165061
130165061
130169352
130176575
130176575
130185068
130185068
130185068
130185068
130185068
130196183
130205732
130205732
130205732
130216719
130264885
130264885
130264885
130264885
130264885
130264885
130264938
130264938
130303353
130306060
130306060
130328179
130359650
130359650
130359650
130359650
130359650
130359650
130359650
130359650
130359650
130359650
130359650
130359650
130359650
130405422
130411132
130411132
130411132
130412974
130459077
130459077
130466649
130473520
130473520
130473520
130473520
130473520
130476537
130476537
130476537
130476537
130476537
130476537
130476537
130476537
130476537
130476537
130476537
130484814
130484814
130484814
130500995
130507937
130507937
130507937
130507937
130535573
130535573
130535573
130550791
130607919
130607919
130607919
130607919
130652578
130661621
130661621
130661621
130661621
130675511
130675511
130705227
130705227
130735929
130735929
130760333
130782242
130782242
130782242
130784728
130784728
130784728
130784728
130784728
130784728
130784728
130799003
130799003
130818552
130818552
130833618
130833618
130833618
130833618
130833618
130833618
130833618
130836897
130836897
130836897
130840646
130841620
130841620
130841620
130841620
130845485
130848818
130957172
130960720
130960720
130966773
130966773
130966773
130966773
130966773
130968694
130986011
130990073
130990073
130990073
130990073
130990073
130990073
131027117
131034775
131034775
131034775
131061361
131068065
131068065
131068065
131068065
131068065
131068065
131068065
131068065
131068065
131084883
131155462
131165258
131165258
131165258
131227952
131227952
131250429
131275830
131275830
131275830
131275830
131275830
131275830
131275830
131275830
131275830
131275830
131322137
131322137
131388832
131388832
131388832
131388832
131388832
131388832
131423575
131451622
131515444
131515444
131541052
131546261
131620508
131620508
131620508
131620508
131620508
131679995
131679995
131679995
131679995
131679995
131679995
131679995
131679995
131679995
131679995
131679995
131679995
131679995
131679995
131679995
131679995
131679995
131679995
131679995
131679995
131697390
131697390
131714339
131714339
131714339
131714339
131714339
131714339
131714339
131777746
131778665
131787342
131787342
131787342
131787342
131787342
131787342
131787342
131787342
131787342
131834654
131834654
131834654
131837996
131837996
131837996
131837996
131837996
131837996
131837996
131837996
131837996
131837996
131837996
131842968
131842968
131842968
131842968
131846261
131846261
131846261
131852953
131852953
131852953
131852953
131852953
131852953
131871477
131871477
131871477
131871477
131871477
131892124
131892124
131892124
131900299
131900299
131900299
131900299
131930034
131930034
131930034
131955629
131955629
131955629
131977228
132033953
132033953
132098611
132098611
132153382
132153382
132159920
132159920
132159920
132211207
132211207
132211207
132240340
132245246
132245246
132245246
132245246
132245246
132259596
132259596
132259596
132265916
132265916
132270516
132270516
132270516
132270516
132270516
132272094
132277638
132280910
132280910
132280910
132280910
132280910
132280910
132280910
132281424
132281424
132281424
132284621
132284621
132284621
132284621
132284621
132347488
132347488
132347488
132347488
132349010
132349010
132349010
132349010
132351614
132351614
132351614
132351614
132351614
132351614
132351614
132351614
132356113
132356113
132356113
132356113
132356113
132365598
132365598
132384711
132458048
132458048
132459130
132459130
132474080
132474080
132483375
132483375
132494310
132518785
132532536
132532536
132532536
132577673
132577673
132577673
132628523
132628523
132628523
132628523
132628523
132628523
132688048
132689833
132689833
132689833
132695961
132695961
132717859
132717859
132717859
132717859
132717859
132717859
132717859
132720189
132734675
132734675
132734675
132734675
132734675
132734675
132734675
132734675
132734675
132734675
132762039
132762039
132762039
132762039
132762039
132762039
132762039
132762039
132762039
132762039
132776484
132829338
132831017
132831017
132839226
132839226
132839226
132839226
132839226
132839226
132841370
132844167
132844167
132844167
132844167
132844167
132884996
132884996
132888024
132888024
132888024
132888024
132897437
132914997
132953045
132953045
132956632
132956632
132956632
132971258
132971258
132971258
132973506
132973506
132973506
132973506
132973506
132973506
132973506
132975734
132975734
132975734
132975734
133006391
133006391
133026984
133026984
133026984
133026984
133028476
133028476
133028476
133028476
133028476
133028476
133028476
133028476
133028476
133050721
133051177
133051177
133051177
133051177
133070172
133070172
133070172
133108269
133108269
133108269
133108269
133150702
133161678
133161678
133161678
133171951
133171951
133171951
133171951
133171951
133175509
133175509
133175509
133175509
133175509
133183977
133183977
133188584
133188584
133207692
133207692
133207692
133207692
133225384
133225384
133225938
133225938
133225938
133225938
133263311
133263311
133263311
133263311
133263311
133300898
133300898
133306403
133306403
133306403
133306403
133318885
133392274
133392274
133414281
133414281
133477688
133525643
133545681
133545681
133545681
133578876
133578876
133578876
133578876
133601764
133601811
133601811
133601811
133659317
133719527
133752262
133752262
133752262
133752262
133752262
133752262
133752262
133752262
133752262
133752262
133752262
133752262
133766244
133766244
133766244
133766244
133825822
133839992
133839992
133839992
133839992
133839992
133839992
133855933
133855933
133855933
133855933
133855933
133855933
133855933
133855933
133855933
133855933
133877638
133877638
133877638
133877638
133877638
133882525
133882525
133882525
133882525
133882525
133882525
133886015
133925170
133925170
133925170
133925170
133925170
133925170
133925170
133925170
133925170
133925170
133931108
133931108
133982223
133982223
133982223
133982223
133982223
133982223
133982223
133982223
134052686
134065787
134065787
134085727
134085727
134085727
134085727
134085727
134085727
134105924
134105924
134105924
134105924
134105924
134105924
134105924
134155547
134155547
134155547
134159236
134159236
134165183
134171279
134185872
134185872
134185872
134192322
134192322
134192322
134192322
134192322
134192322
134242060
134242060
134242060
134242060
134242060
134242060
134242060
134242060
134274580
134274580
134274580
134274580
134277295
134277295
134277295
134277295
134277295
134277295
134277295
134277295
134277295
134277295
134277295
134277308
134277308
134277308
134277308
134277308
134302706
134302706
134349779
134349779
134349779
134349779
134390857
134390857
134415020
134415020
134415020
134415961
134415961
134415961
134492776
134492776
134492776
134492776
134492776
134492776
134492776
134501116
134501116
134513691
134519261
134519261
134519261
134519546
134519546
134519546
134519546
134519546
134519546
134519546
134519546
134527676
134527676
134527676
134567828
134593593
134593593
134593593
134597580
134597580
134597580
134597580
134597580
134629532
134629532
134635054
134635054
134635054
134635054
134642480
134642480
134642480
134700449
134712937
134712937
134714969
134714969
134771104
134771104
134771909
134771909
134771909
134771909
134771909
134807776
134807776
134807776
134807776
134807776
134839136
134839136
134839136
134839136
134839136
134854372
134854372
134854372
134854372
134854372
134884897
134884897
134884897
134886379
134886379
134886379
134886379
134886379
134898578
134898578
134898578
134898578
134898578
134898578
134902333
134917509
134917509
134917509
134940693
134940693
134940693
134940693
134940693
134940693
134996290
134996290
135000530
135000530
135000530
135000530
135000530
135053999
135053999
135053999
135053999
135053999
135053999
135098578
135098578
135098652
135109175
135109175
135109175
135109175
135109175
135109175
135109175
135109941
135109941
135138393
135138393
135138393
135138393
135138393
135138393
135170966
135194504
135206729
135206729
135250777
135250777
135250777
135250777
135250777
135250777
135252430
135274403
135288950
135293678
135293678
135293678
135293678
135293678
135293678
135293678
135293678
135306275
135306275
135306275
135306275
135306275
135306275
135306275
135308085
135308085
135308085
135308085
135308085
135308085
135308085
135308085
135308085
135308085
135308085
135308085
135308085
135308085
135308085
135308585
135308585
135308585
135316575
135316575
135316575
135316575
135316575
135316575
135316575
135327392
135344142
135346789
135346789
135346789
135346789
135346789
135346789
135346789
135368509
135368509
135368509
135368509
135369387
135369387
135369387
135369387
135369387
135389557
135391056
135391056
135395719
135395719
135398047
135398047
135398047
135398047
135398047
135398047
135398047
135398047
135398047
135398047
135436647
135436647
135436647
135436647
135490798
135498212
135512749
135512749
135512749
135512749
135512749
135512749
135541530
135541530
135558976
135558976
135558976
135558976
135558976
135558976
135580705
135611060
135611060
135611060
135611060
135611060
135686562
135686562
135705747
135705747
135706828
135720700
135720700
135731530
135731530
135731530
135752244
135752244
135752244
135752244
135752244
135752244
135752244
135752244
135752244
135752244
135752244
135773948
135774179
135779293
135779293
135779293
135783390
135783390
135820118
135821279
135852287
135852287
135852287
135878569
135912737
135912737
135912737
135912737
135912737
135912737
135913344
135951565
135975367
135975367
135975367
135975367
135975367
135975367
135975367
135975367
135975367
135975367
135987595
135987595
135987595
136070860
136088982
136116698
136130380
136144208
136144208
136144208
136166872
136166872
136175324
136177193
136177193
136193808
136193808
136193808
136193808
136193808
136193808
136193808
136193808
136193808
136193808
136193808
136193808
136193808
136193808
136193808
136196329
136196329
136196329
136196329
136196329
136196725
136196725
136210687
136210687
136216667
136216667
136216667
136216667
136216667
136242291
136242291
136270618
136270618
136293270
136303332
136303332
136303332
136313117
136313117
136313117
136347242
136347242
136347242
136347242
136347242
136347242
136381222
136386791
136390121
136390121
136394084
136394084
136394084
136394084
136394084
136403448
136410493
136410493
136410493
136410493
136410493
136410493
136410493
136415764
136415764
136428193
136428193
136431512
136454500
136454500
136454500
136560253
136560253
136560756
136560756
136560756
136560756
136560756
136560756
136560756
136560756
136583438
136583438
136583438
136590688
136590688
136628382
136628382
136629135
136629135
136629135
136629135
136629135
136634086
136634086
136634086
136637566
136637723
136637723
136637723
136637723
136637723
136637723
136637723
136637723
136637723
136703840
136709048
136712626
136712626
136712626
136712626
136742189
136753774
136753774
136757281
136773600
136873662
136881428
136881428
136883424
136884265
136884265
136884265
136884265
136884265
136889822
136890240
136890240
136890240
136902483
136902483
136902483
136902483
136902483
136902483
136935493
136935493
136944791
136947422
136947422
136948331
136948331
137001921
137035976
137053016
137075052
137075052
137075052
137075052
137075052
137085348
137085348
137085348
137085348
137085348
137085348
137098951
137098951
137098951
137098951
137105281
137119665
137147128
137147128
137154211
137154211
137195689
137195689
137195689
137211249
137211249
137211249
137211249
137231760
137231760
137231760
137231760
137232327
137232327
137232327
137259858
137259858
137259858
137265195
137265195
137265195
137282137
137282137
137282137
137282137
137282137
137282137
137282137
137282137
137282137
137285844
137285844
137285844
137285844
137285844
137325889
137325889
137336944
137336944
137336944
137336944
137342554
137346020
137346020
137346020
137346020
137346020
137355347
137365010
137365010
137377135
137471856
137489682
137489682
137489682
137544390
137544390
137544390
137544390
137544390
137544390
137544390
137544390
137544390
137545323
137572918
137580525
137601620
137601620
137601620
137601620
137628908
137628908
137628908
137636877
137636877
137636877
137681199
137681199
137681199
137681199
137705088
137705088
137705088
137705088
137705088
137705088
137705088
137705088
137705088
137705088
137705088
137714063
137714063
137714063
137743894
137743894
137743894
137743894
137787856
137787856
137787856
137788207
137788207
137788854
137788854
137788854
137788854
137788854
137788854
137788854
137795751
137795751
137795751
137795751
137795751
137795751
137818973
137818973
137818973
137823253
137823253
137823253
137823253
137823253
137823253
137823253
137823253
137823253
137860508
137860508
137893822
137893822
137893822
137893822
137900579
137900579
137900579
137900579
137900579
137900579
137936505
137936505
137936505
137936505
137936505
137941305
137957747
137957747
137957747
137961311
137961311
138076972
138076972
138076972
138076972
138076972
138076972
138079427
138079427
138079427
138132780
138157246
138178064
138178064
138193015
138193015
138193015
138193015
138193015
138193015
138193015
138193015
138222168
138222168
138222168
138242807
138242807
138242807
138242807
138242807
138242807
138242807
138242807
138256019
138256019
138256019
138256019
138256019
138256019
138256019
138273917
138274697
138274697
138274697
138274697
138274697
138302106
138302106
138302106
138302106
138302106
138302106
138304646
138304646
138304646
138314590
138314590
138314590
138314590
138318145
138318145
138318145
138351027
138351027
138351027
138351027
138379832
138379832
138400642
138400642
138400642
138400642
138400642
138400642
138400642
138400642
138400642
138400642
138412117
138412117
138432214
138442889
138448370
138448370
138448370
138455317
138468845
138475256
138475256
138537543
138537543
138537543
138537543
138537543
138537543
138597147
138597147
138597147
138597147
138607807
138616740
138616740
138616740
138616740
138616740
138616740
138617866
138617866
138617866
138660899
138682643
138695404
138719497
138765540
138765540
138765540
138831572
138831572
138831572
138831572
138831572
138831572
138831572
138831572
138831572
138831572
138831572
138845334
138845334
138868908
138868908
138874410
138874410
138874410
138884006
138886611
138928461
138958296
138958296
138958426
138958426
138958426
138958426
138958426
138958426
138958426
138958426
138958426
138958426
138996801
138996801
138996801
138996801
139027568
139027568
139027568
139027568
139052034
139107971
139117117
139117402
139117402
139147015
139171142
139171142
139171142
139171142
139171142
139172436
139172436
139172436
139172436
139172436
139172436
139172436
139172436
139172436
139179766
139179766
139179766
139179766
139206636
139228947
139228947
139228947
139236968
139236968
139236968
139246907
139252902
139252902
139267919
139287980
139287980
139287980
139290225
139290225
139290225
139290225
139311106
139311106
139311106
139318487
139329286
139330078
139339124
139354425
139356917
139356917
139369248
139369248
139393618
139400843
139413633
139413633
139413633
139413633
139413633
139442214
139442214
139450470
139450470
139450470
139454758
139454758
139485528
139485528
139485528
139485528
139485528
139491352
139491352
139491352
139491352
139491352
139491352
139494953
139494953
139494953
139494953
139494953
139494953
139494953
139506344
139506344
139506344
139517091
139517091
139517091
139517091
139519481
139519481
139519481
139519481
139519481
139532570
139532570
139532570
139532570
139532570
139532570
139598799
139598799
139598799
139598799
139598799
139598799
139600551
139600800
139600800
139600800
139600800
139606483
139606483
139606483
139607942
139635076
139635076
139635076
139648559
139648559
139648559
139648559
139648559
139648559
139648559
139648559
139648559
139648559
139648559
139648559
139648559
139648559
139658380
139658380
139658380
139658380
139658380
139658380
139658380
139658380
139658380
139716562
139740781
139746632
139746632
139746632
139773842
139773842
139773842
139773842
139773842
139773842
139773842
139773842
139774077
139774077
139774077
139774077
139774077
139774077
139777656
139777656
139784173
139784173
139784173
139784173
139787622
139787622
139787622
139787622
139787622
139787622
139787622
139787622
139864000
139864000
139864000
139888986
139888986
139918970
139939636
139939636
140003241
140003241
140003241
140003241
140003241
140014894
140014894
140014894
140016012
140016012
140016012
140016012
140016012
140016012
140016012
140016012
140016012
140016012
140016012
140016012
140016012
140016012
140016012
140016012
140050026
140061474
140061474
140061474
140061474
140061476
140076951
140100994
140103578
140103578
140103578
140103578
140103578
140103578
140103578
140125720
140125720
140125720
140125720
140125720
140125720
140125720
140152189
140152189
140152189
140152189
140152189
140160527
140160527
140160527
140160527
140160527
140162273
140199657
140199657
140199657
140199657
140230095
140230095
140282192
140282192
140282192
140282192
140286639
140286639
140286639
140286639
140286639
140286639
140286639
140286639
140286639
140346321
140346321
140346321
140346321
140346321
140346321
140346321
140346321
140346321
140379727
140379727
140431188
140431188
140431188
140445374
140461914
140461914
140461914
140464173
140464173
140464173
140464173
140486474
140490651
140490651
140490651
140490651
140490651
140490651
140490651
140499092
140499092
140499092
140499092
140499092
140499092
140509494
140509494
140509494
140509652
140509652
140509652
140555963
140579878
140583442
140584554
140632790
140632790
140661495
140661495
140661495
140689383
140689383
140714601
140722517
140729185
140744248
140744248
140744248
140744248
140744248
140744248
140744248
140744248
140744248
140744248
140744248
140744248
140753431
140765237
140801861
140801861
140801861
140801861
140811772
140811772
140811772
140844184
140928829
140928829
140940006
140940006
140940006
140940006
140940006
140940006
140948999
140948999
141014787
141014787
141017756
141017756
141017756
141019860
141019860
141081868
141082916
141087067
141087067
141087067
141100727
141100727
141100727
141100727
141100727
141127043
141127043
141127043
141160285
141160285
141165827
141181527
141181527
141181527
141181527
141181527
141184249
141197631
141221051
141221051
141221051
141221051
141221051
141221051
141221051
141241897
141264298
141281022
141281022
141281022
141281022
141281022
141281022
141281022
141281022
141281022
141281022
141285564
141285564
141285928
141303459
141331467
141331467
141334070
141334070
141334070
141343782
141368130
141387913
141387913
141387913
141388296
141388296
141412489
141412489
141414018
141414018
141442895
141443385
141443385
141443385
141445670
141445670
141458352
141458352
141458352
141461553
141461553
141461553
141461553
141461553
141461553
141461553
141461553
141470379
141470379
141470379
141470379
141470379
141470379
141470379
141470379
141470379
141480480
141480480
141480480
141488869
141488869
141488869
141488869
141510131
141510131
141510131
141510131
141510131
141525733
141525733
141525733
141525733
141525733
141525733
141525733
141526211
141526211
141536423
141536423
141536423
141536423
141571123
141571123
141571123
141601910
141601910
141601910
141601910
141601910
141619051
141619051
141619051
141619051
141619051
141619051
141619051
141619051
141619051
141623553
141623553
141623553
141623553
141623553
141657507
141657507
141669110
141669110
141669110
141669110
141669110
141669110
141669110
141680940
141680940
141682083
141682083
141705130
141733693
141733693
141734296
141734296
141734296
141734296
141747596
141747596
141781343
141781343
141790425
141790425
141790425
141856540
141856540
141887509
141887509
141887509
141887509
141887509
141897054
141897054
141897054
141897054
141897054
141897054
141897054
141897054
141913788
141913788
141925940
141925940
141925940
141925940
141937601
141974857
141974857
141974857
141974857
141974857
141974857
141974857
141974857
141974857
141974857
141974857
141993520
141993520
141993520
141993520
141993520
141993520
141993520
141993520
141993520
141993520
141993520
141993520
141993520
141993520
141993520
141993520
142017551
142017551
142017551
142017551
142023774
142023774
142023774
142023774
142023774
142026524
142026524
142026524
142026524
142084420
142084420
142084420
142084420
142084420
142084420
142084420
142084420
142084420
142084420
142084420
142084420
142084420
142084420
142084420
142084420
142084420
142131967
142131967
142131967
142143621
142143621
142143621
142143621
142146960
142146960
142146960
142146960
142212703
142212703
142212703
142216302
142241141
142241276
142241276
142241276
142255083
142269144
142269144
142269144
142296710
142296710
142296710
142296710
142296710
142296710
142301084
142309807
142309807
142328979
142328979
142328979
142367426
142372467
142379692
142379692
142379692
142379692
142379692
142379692
142379692
142387037
142387037
142387037
142395029
142395029
142417015
142417015
142423746
142423746
142423746
142423746
142423746
142423746
142423746
142423746
142438965
142456560
142456560
142456560
142456560
142456560
142471350
142484765
142486232
142486232
142496532
142496532
142497895
142497895
142497895
142497895
142499616
142524818
142524818
142529403
142529403
142529403
142529403
142545458
142545458
142545458
142545458
142549803
142549803
142553431
142553431
142553431
142553431
142553431
142553431
142553431
142553431
142553431
142553431
142563315
142563315
142563315
142565348
142565348
142565348
142565348
142565348
142565348
142565348
142565348
142565348
142565348
142565348
142565348
142591740
142591740
142591740
142591740
142591740
142592357
142592357
142592357
142595392
142595392
142596297
142596297
142596297
142596297
142600491
142606811
142625880
142625880
142625880
142642092
142642092
142648622
142648622
142648622
142648622
142648622
142648622
142648622
142648622
142648622
142648622
142676698
142676698
142685248
142685248
142685248
142703152
142703152
142703152
142703152
142719715
142719715
142732649
142732649
142732649
142736318
142736318
142739198
142741900
142751692
142751692
142751692
142753096
142753096
142753096
142852799
142875611
142875611
142875611
142875611
142886824
142886824
142887019
142887019
142915818
142915818
142915818
142920672
142920672
142923014
142923014
142923014
142923014
142923014
142940239
142940239
142940239
142940239
142940239
142940239
142956667
142956667
142956667
142956667
142957456
142957456
142979392
142979392
142984598
142984598
142984598
142984598
142984598
143018683
143018683
143018683
143023153
143023153
143023153
143023153
143023153
143023153
143023153
143023153
143023153
143036773
143062621
143062621
143066105
143066105
143066105
143066105
143066105
143066105
143081196
143081196
143088909
143088909
143116745
143116745
143135661
143160331
143160331
143160331
143160331
143183239
143183239
143190809
143190809
143192330
143192330
143192330
143192330
143192330
143197185
143213093
143213093
143213093
143237923
143239132
143242476
143242476
143258493
143333511
143333511
143333511
143349201
143349201
143384865
143384865
143384865
143384865
143384865
143401889
143401889
143401889
143401889
143401889
143401889
143401889
143401889
143401889
143401889
143401889
143401889
143401889
143401889
143412922
143412922
143412922
143412922
143412922
143412922
143439506
143448532
143450256
143450256
143476658
143476658
143476658
143476658
143476658
143476658
143489880
143489880
143489880
143499693
143499693
143499693
143499693
143499693
143504793
143504793
143504793
143555669
143555669
143557883
143557883
143557883
143557883
143574945
143574945
143574945
143574945
143574945
143584429
143584429
143584429
143584429
143611984
143611984
143616440
143616440
143616440
143616440
143616440
143616440
143616440
143636349
143636349
143636349
143636349
143636349
143636349
143636349
143650501
143650501
143650501
143650501
143650501
143655182
143655182
143655182
143655182
143655182
143723128
143723128
143743737
143744601
143748558
143748558
143773692
143773692
143773692
143783895
143785867
143785867
143785867
143785867
143785867
143785867
143798508
143798508
143798508
143798508
143798508
143811607
143811607
143811607
143817500
143817500
143817500
143822316
143822316
143822316
143825650
143860528
143860528
143860528
143860528
143860528
143860528
143889111
143900245
143900245
143900245
143900245
143920790
143920790
143920790
143920790
143922512
143922512
143922512
143922512
143922512
143926683
143926683
143930737
143930737
143930737
143975310
143989443
143989443
143990292
143990292
143999471
143999471
144007966
144007966
144021275
144021275
144021275
144021275
144021275
144021275
144044033
144070927
144070927
144070927
144070927
144070927
144070927
144086359
144086359
144086359
144086359
144086359
144086359
144086359
144086359
144086359
144086359
144103168
144103168
144103168
144103168
144103168
144103168
144103168
144112896
144132855
144132855
144132855
144132855
144132855
144132855
144132855
144132891
144132891
144132891
144146981
144146981
144146981
144146981
144146981
144146981
144146981
144146981
144146981
144146981
144172834
144172834
144172834
144172834
144184025
144184025
144184025
144184025
144184025
144184025
144184025
144184025
144184025
144214298
144214298
144232834
144237975
144245886
144245886
144245886
144245886
144245886
144245886
144245886
144245886
144245886
144245886
144259633
144301597
144301597
144301597
144301597
144346991
144346991
144346991
144346991
144346991
144346991
144346991
144346991
144346991
144346991
144381288
144381288
144381288
144381288
144381288
144381288
144381288
144381288
144381288
144381288
144381288
144381288
144381288
144381288
144381288
144381288
144381288
144381288
144381288
144381288
144381288
144381288
144381288
144387408
144390044
144390044
144390044
144390044
144390044
144413196
144413196
144416923
144416923
144416923
144416923
144416923
144416923
144462741
144462741
144462741
144462741
144467957
144467957
144471096
144493957
144493957
144507412
144514324
144514324
144557362
144557362
144597383
144597383
144597383
144597383
144597383
144597383
144597383
144597383
144597383
144614990
144628610
144628610
144631165
144656387
144656387
144656387
144656387
144680324
144686232
144686232
144686232
144750247
144750247
144750247
144750247
144760692
144760692
144760692
144760692
144760692
144830681
144830681
144830681
144830681
144830681
144830681
144830681
144830681
144865715
144865715
144912850
144924528
144933229
144933229
144954251
144957700
144957700
144957700
144987613
144987613
144990310
145002513
145002513
145023677
145023677
145023677
145023677
145023677
145023677
145023677
145023677
145043078
145062884
145062884
145062884
145062884
145062884
145062884
145084986
145084986
145084986
145086902
145086902
145086902
145086902
145086902
145086902
145092802
145092802
145105159
145115842
145118318
145118318
145118318
145147357
145147357
145151311
145152323
145152323
145163760
145163760
145163760
145163760
145169669
145198912
145198912
145198912
145198912
145198912
145198912
145198912
145198912
145206657
145207243
145207243
145207243
145207243
145222144
145222144
145222144
145222144
145222144
145222144
145242809
145242809
145242809
145269245
145281506
145281506
145313525
145313525
145313525
145313525
145316465
145316465
145316465
145319246
145319246
145319246
145319246
145319246
145320548
145321305
145321305
145321305
145321305
145324461
145324461
145324461
145375574
145375574
145375574
145375574
145375574
145375574
145375574
145391597
145391597
145421119
145421119
145421119
145421119
145435935
145435935
145435935
145440125
145476343
145476343
145476343
145476343
145476343
145476343
145476343
145493608
145493608
145493608
145493608
145493608
145493608
145513358
145513358
145513358
145513358
145513358
145513358
145513358
145513358
145521960
145521960
145521960
145521960
145527152
145527152
145527152
145527152
145527152
145527152
145527152
145527152
145527152
145535333
145535333
145535333
145535333
145535333
145535333
145621236
145621236
145621236
145621236
145621236
145646248
145646248
145646248
145651608
145651608
145651608
145651608
145670936
145670936
145670936
145670936
145670936
145670936
145670936
145670936
145681533
145718204
145718204
145718204
145718204
145723817
145723817
145723817
145723817
145761321
145785282
145785282
145785282
145785282
145785282
145785282
145785282
145825406
145825406
145825406
145825406
145825406
145834761
145834761
145844188
145844188
145857626
145857626
145857626
145857626
145857626
145857626
145857626
145857626
145857626
145857626
145857626
145905505
145921299
145921299
145921299
145921299
145921299
145921299
145922225
145922225
145922225
145922225
145941051
145941051
145941051
145941051
145941051
145941051
145941051
145941051
145941051
145941051
145941051
145941051
145941051
145984570
145984570
145984570
145984570
145984570
145984570
145984570
145984570
145984570
145984570
145992224
145992224
145992224
145992224
146008779
146008779
146008779
146105374
146110137
146120772
146169014
146188671
146188671
146188671
146188671
146188671
146188671
146188671
146205885
146205885
146205885
146205885
146205885
146252072
146260193
146260193
146264294
146264294
146264294
146264294
146264294
146264294
146264294
146264294
146264294
146300774
146300774
146300774
146300774
146319784
146319784
146327320
146327320
146332752
146332752
146332752
146332752
146332752
146332752
146332752
146332752
146332752
146332752
146332752
146332752
146356715
146389779
146413676
146413676
146434533
146456384
146476826
146483087
146536270
146536270
146536270
146536270
146536270
146543836
146543836
146543836
146543836
146543836
146543836
146543836
146543836
146543836
146543836
146543836
146543836
146556590
146571374
146579717
146579717
146579717
146579717
146579717
146580036
146580036
146580036
146580036
146580036
146583212
146583212
146583212
146583212
146583212
146583212
146583212
146583212
146583212
146583212
146583212
146583212
146583212
146626314
146634080
146634080
146634618
146643661
146643661
146643661
146651261
146651261
146651261
146651261
146657264
146657264
146657264
146657264
146692479
146695242
146695242
146695242
146695242
146695242
146695242
146695242
146695242
146695242
146695242
146695242
146695242
146695242
146727799
146727799
146727799
146738379
146744534
146744534
146769440
146769440
146769440
146769440
146771010
146781399
146794461
146802914
146802914
146802914
146802914
146802914
146810608
146810608
146810608
146810608
146810608
146810608
146810608
146810608
146810608
146834190
146834190
146834190
146846216
146846216
146846216
146855864
146855864
146855864
146855864
146855864
146855864
146855864
146855864
146855864
146863207
146863207
146863207
146863207
146863207
146867510
146885523
146905754
146905754
146916830
146940257
146940257
146940257
146940257
146940257
146940257
146940257
146946464
146946464
146946464
146946464
146946464
146946464
146946464
146948968
146948968
146948968
146954963
146954963
146954963
146954963
147010735
147010735
147010735
22828011
