961 959 958 952 951 941 940 926 925 907 906 884 883 857 856 826 825 791 790 752 751 709 708 662 661 611 610 556 555 497 496 
960 957 953 950 942 939 927 924 908 905 885 882 858 855 827 824 792 789 753 750 710 707 663 660 612 609 557 554 498 495 436 
956 954 949 943 938 928 923 909 904 886 881 859 854 828 823 793 788 754 749 711 706 664 659 613 608 558 553 499 494 437 435 
955 948 944 937 929 922 910 903 887 880 860 853 829 822 794 787 755 748 712 705 665 658 614 607 559 552 500 493 438 434 379 
947 945 936 930 921 911 902 888 879 861 852 830 821 795 786 756 747 713 704 666 657 615 606 560 551 501 492 439 433 380 378 
946 935 931 920 912 901 889 878 862 851 831 820 796 785 757 746 714 703 667 656 616 605 561 550 502 491 440 432 381 377 326 
934 932 919 913 900 890 877 863 850 832 819 797 784 758 745 715 702 668 655 617 604 562 549 503 490 441 431 382 376 327 325 
933 918 914 899 891 876 864 849 833 818 798 783 759 744 716 701 669 654 618 603 563 548 504 489 442 430 383 375 328 324 277 
917 915 898 892 875 865 848 834 817 799 782 760 743 717 700 670 653 619 602 564 547 505 488 443 429 384 374 329 323 278 276 
916 897 893 874 866 847 835 816 800 781 761 742 718 699 671 652 620 601 565 546 506 487 444 428 385 373 330 322 279 275 232 
896 894 873 867 846 836 815 801 780 762 741 719 698 672 651 621 600 566 545 507 486 445 427 386 372 331 321 280 274 233 231 
895 872 868 845 837 814 802 779 763 740 720 697 673 650 622 599 567 544 508 485 446 426 387 371 332 320 281 273 234 230 191 
871 869 844 838 813 803 778 764 739 721 696 674 649 623 598 568 543 509 484 447 425 388 370 333 319 282 272 235 229 192 190 
870 843 839 812 804 777 765 738 722 695 675 648 624 597 569 542 510 483 448 424 389 369 334 318 283 271 236 228 193 189 154 
842 840 811 805 776 766 737 723 694 676 647 625 596 570 541 511 482 449 423 390 368 335 317 284 270 237 227 194 188 155 153 
841 810 806 775 767 736 724 693 677 646 626 595 571 540 512 481 450 422 391 367 336 316 285 269 238 226 195 187 156 152 121 
809 807 774 768 735 725 692 678 645 627 594 572 539 513 480 451 421 392 366 337 315 286 268 239 225 196 186 157 151 122 120 
808 773 769 734 726 691 679 644 628 593 573 538 514 479 452 420 393 365 338 314 287 267 240 224 197 185 158 150 123 119 92 
772 770 733 727 690 680 643 629 592 574 537 515 478 453 419 394 364 339 313 288 266 241 223 198 184 159 149 124 118 93 91 
771 732 728 689 681 642 630 591 575 536 516 477 454 418 395 363 340 312 289 265 242 222 199 183 160 148 125 117 94 90 67 
731 729 688 682 641 631 590 576 535 517 476 455 417 396 362 341 311 290 264 243 221 200 182 161 147 126 116 95 89 68 66 
730 687 683 640 632 589 577 534 518 475 456 416 397 361 342 310 291 263 244 220 201 181 162 146 127 115 96 88 69 65 46 
686 684 639 633 588 578 533 519 474 457 415 398 360 343 309 292 262 245 219 202 180 163 145 128 114 97 87 70 64 47 45 
685 638 634 587 579 532 520 473 458 414 399 359 344 308 293 261 246 218 203 179 164 144 129 113 98 86 71 63 48 44 29 
637 635 586 580 531 521 472 459 413 400 358 345 307 294 260 247 217 204 178 165 143 130 112 99 85 72 62 49 43 30 28 
636 585 581 530 522 471 460 412 401 357 346 306 295 259 248 216 205 177 166 142 131 111 100 84 73 61 50 42 31 27 16 
584 582 529 523 470 461 411 402 356 347 305 296 258 249 215 206 176 167 141 132 110 101 83 74 60 51 41 32 26 17 15 
583 528 524 469 462 410 403 355 348 304 297 257 250 214 207 175 168 140 133 109 102 82 75 59 52 40 33 25 18 14 7 
527 525 468 463 409 404 354 349 303 298 256 251 213 208 174 169 139 134 108 103 81 76 58 53 39 34 24 19 13 8 6 
526 467 464 408 405 353 350 302 299 255 252 212 209 173 170 138 135 107 104 80 77 57 54 38 35 23 20 12 9 5 2 
466 465 407 406 352 351 301 300 254 253 211 210 172 171 137 136 106 105 79 78 56 55 37 36 22 21 11 10 4 3 1 
