400 398 397 391 390 380 379 365 364 346 345 323 322 296 295 265 264 230 229 191 
399 396 392 389 381 378 366 363 347 344 324 321 297 294 266 263 231 228 192 190 
395 393 388 382 377 367 362 348 343 325 320 298 293 267 262 232 227 193 189 154 
394 387 383 376 368 361 349 342 326 319 299 292 268 261 233 226 194 188 155 153 
386 384 375 369 360 350 341 327 318 300 291 269 260 234 225 195 187 156 152 121 
385 374 370 359 351 340 328 317 301 290 270 259 235 224 196 186 157 151 122 120 
373 371 358 352 339 329 316 302 289 271 258 236 223 197 185 158 150 123 119 92 
372 357 353 338 330 315 303 288 272 257 237 222 198 184 159 149 124 118 93 91 
356 354 337 331 314 304 287 273 256 238 221 199 183 160 148 125 117 94 90 67 
355 336 332 313 305 286 274 255 239 220 200 182 161 147 126 116 95 89 68 66 
335 333 312 306 285 275 254 240 219 201 181 162 146 127 115 96 88 69 65 46 
334 311 307 284 276 253 241 218 202 180 163 145 128 114 97 87 70 64 47 45 
310 308 283 277 252 242 217 203 179 164 144 129 113 98 86 71 63 48 44 29 
309 282 278 251 243 216 204 178 165 143 130 112 99 85 72 62 49 43 30 28 
281 279 250 244 215 205 177 166 142 131 111 100 84 73 61 50 42 31 27 16 
280 249 245 214 206 176 167 141 132 110 101 83 74 60 51 41 32 26 17 15 
248 246 213 207 175 168 140 133 109 102 82 75 59 52 40 33 25 18 14 7 
247 212 208 174 169 139 134 108 103 81 76 58 53 39 34 24 19 13 8 6 
211 209 173 170 138 135 107 104 80 77 57 54 38 35 23 20 12 9 5 2 
210 172 171 137 136 106 105 79 78 56 55 37 36 22 21 11 10 4 3 1 
