676 674 673 667 666 656 655 641 640 622 621 599 598 572 571 541 540 506 505 467 466 424 423 377 376 326 
675 672 668 665 657 654 642 639 623 620 600 597 573 570 542 539 507 504 468 465 425 422 378 375 327 325 
671 669 664 658 653 643 638 624 619 601 596 574 569 543 538 508 503 469 464 426 421 379 374 328 324 277 
670 663 659 652 644 637 625 618 602 595 575 568 544 537 509 502 470 463 427 420 380 373 329 323 278 276 
662 660 651 645 636 626 617 603 594 576 567 545 536 510 501 471 462 428 419 381 372 330 322 279 275 232 
661 650 646 635 627 616 604 593 577 566 546 535 511 500 472 461 429 418 382 371 331 321 280 274 233 231 
649 647 634 628 615 605 592 578 565 547 534 512 499 473 460 430 417 383 370 332 320 281 273 234 230 191 
648 633 629 614 606 591 579 564 548 533 513 498 474 459 431 416 384 369 333 319 282 272 235 229 192 190 
632 630 613 607 590 580 563 549 532 514 497 475 458 432 415 385 368 334 318 283 271 236 228 193 189 154 
631 612 608 589 581 562 550 531 515 496 476 457 433 414 386 367 335 317 284 270 237 227 194 188 155 153 
611 609 588 582 561 551 530 516 495 477 456 434 413 387 366 336 316 285 269 238 226 195 187 156 152 121 
610 587 583 560 552 529 517 494 478 455 435 412 388 365 337 315 286 268 239 225 196 186 157 151 122 120 
586 584 559 553 528 518 493 479 454 436 411 389 364 338 314 287 267 240 224 197 185 158 150 123 119 92 
585 558 554 527 519 492 480 453 437 410 390 363 339 313 288 266 241 223 198 184 159 149 124 118 93 91 
557 555 526 520 491 481 452 438 409 391 362 340 312 289 265 242 222 199 183 160 148 125 117 94 90 67 
556 525 521 490 482 451 439 408 392 361 341 311 290 264 243 221 200 182 161 147 126 116 95 89 68 66 
524 522 489 483 450 440 407 393 360 342 310 291 263 244 220 201 181 162 146 127 115 96 88 69 65 46 
523 488 484 449 441 406 394 359 343 309 292 262 245 219 202 180 163 145 128 114 97 87 70 64 47 45 
487 485 448 442 405 395 358 344 308 293 261 246 218 203 179 164 144 129 113 98 86 71 63 48 44 29 
486 447 443 404 396 357 345 307 294 260 247 217 204 178 165 143 130 112 99 85 72 62 49 43 30 28 
446 444 403 397 356 346 306 295 259 248 216 205 177 166 142 131 111 100 84 73 61 50 42 31 27 16 
445 402 398 355 347 305 296 258 249 215 206 176 167 141 132 110 101 83 74 60 51 41 32 26 17 15 
401 399 354 348 304 297 257 250 214 207 175 168 140 133 109 102 82 75 59 52 40 33 25 18 14 7 
400 353 349 303 298 256 251 213 208 174 169 139 134 108 103 81 76 58 53 39 34 24 19 13 8 6 
352 350 302 299 255 252 212 209 173 170 138 135 107 104 80 77 57 54 38 35 23 20 12 9 5 2 
351 301 300 254 253 211 210 172 171 137 136 106 105 79 78 56 55 37 36 22 21 11 10 4 3 1 
