1225 1223 1222 1216 1215 1205 1204 1190 1189 1171 1170 1148 1147 1121 1120 1090 1089 1055 1054 1016 1015 973 972 926 925 875 874 820 819 761 760 698 697 631 630 
1224 1221 1217 1214 1206 1203 1191 1188 1172 1169 1149 1146 1122 1119 1091 1088 1056 1053 1017 1014 974 971 927 924 876 873 821 818 762 759 699 696 632 629 562 
1220 1218 1213 1207 1202 1192 1187 1173 1168 1150 1145 1123 1118 1092 1087 1057 1052 1018 1013 975 970 928 923 877 872 822 817 763 758 700 695 633 628 563 561 
1219 1212 1208 1201 1193 1186 1174 1167 1151 1144 1124 1117 1093 1086 1058 1051 1019 1012 976 969 929 922 878 871 823 816 764 757 701 694 634 627 564 560 497 
1211 1209 1200 1194 1185 1175 1166 1152 1143 1125 1116 1094 1085 1059 1050 1020 1011 977 968 930 921 879 870 824 815 765 756 702 693 635 626 565 559 498 496 
1210 1199 1195 1184 1176 1165 1153 1142 1126 1115 1095 1084 1060 1049 1021 1010 978 967 931 920 880 869 825 814 766 755 703 692 636 625 566 558 499 495 436 
1198 1196 1183 1177 1164 1154 1141 1127 1114 1096 1083 1061 1048 1022 1009 979 966 932 919 881 868 826 813 767 754 704 691 637 624 567 557 500 494 437 435 
1197 1182 1178 1163 1155 1140 1128 1113 1097 1082 1062 1047 1023 1008 980 965 933 918 882 867 827 812 768 753 705 690 638 623 568 556 501 493 438 434 379 
1181 1179 1162 1156 1139 1129 1112 1098 1081 1063 1046 1024 1007 981 964 934 917 883 866 828 811 769 752 706 689 639 622 569 555 502 492 439 433 380 378 
1180 1161 1157 1138 1130 1111 1099 1080 1064 1045 1025 1006 982 963 935 916 884 865 829 810 770 751 707 688 640 621 570 554 503 491 440 432 381 377 326 
1160 1158 1137 1131 1110 1100 1079 1065 1044 1026 1005 983 962 936 915 885 864 830 809 771 750 708 687 641 620 571 553 504 490 441 431 382 376 327 325 
1159 1136 1132 1109 1101 1078 1066 1043 1027 1004 984 961 937 914 886 863 831 808 772 749 709 686 642 619 572 552 505 489 442 430 383 375 328 324 277 
1135 1133 1108 1102 1077 1067 1042 1028 1003 985 960 938 913 887 862 832 807 773 748 710 685 643 618 573 551 506 488 443 429 384 374 329 323 278 276 
1134 1107 1103 1076 1068 1041 1029 1002 986 959 939 912 888 861 833 806 774 747 711 684 644 617 574 550 507 487 444 428 385 373 330 322 279 275 232 
1106 1104 1075 1069 1040 1030 1001 987 958 940 911 889 860 834 805 775 746 712 683 645 616 575 549 508 486 445 427 386 372 331 321 280 274 233 231 
1105 1074 1070 1039 1031 1000 988 957 941 910 890 859 835 804 776 745 713 682 646 615 576 548 509 485 446 426 387 371 332 320 281 273 234 230 191 
1073 1071 1038 1032 999 989 956 942 909 891 858 836 803 777 744 714 681 647 614 577 547 510 484 447 425 388 370 333 319 282 272 235 229 192 190 
1072 1037 1033 998 990 955 943 908 892 857 837 802 778 743 715 680 648 613 578 546 511 483 448 424 389 369 334 318 283 271 236 228 193 189 154 
1036 1034 997 991 954 944 907 893 856 838 801 779 742 716 679 649 612 579 545 512 482 449 423 390 368 335 317 284 270 237 227 194 188 155 153 
1035 996 992 953 945 906 894 855 839 800 780 741 717 678 650 611 580 544 513 481 450 422 391 367 336 316 285 269 238 226 195 187 156 152 121 
995 993 952 946 905 895 854 840 799 781 740 718 677 651 610 581 543 514 480 451 421 392 366 337 315 286 268 239 225 196 186 157 151 122 120 
994 951 947 904 896 853 841 798 782 739 719 676 652 609 582 542 515 479 452 420 393 365 338 314 287 267 240 224 197 185 158 150 123 119 92 
950 948 903 897 852 842 797 783 738 720 675 653 608 583 541 516 478 453 419 394 364 339 313 288 266 241 223 198 184 159 149 124 118 93 91 
949 902 898 851 843 796 784 737 721 674 654 607 584 540 517 477 454 418 395 363 340 312 289 265 242 222 199 183 160 148 125 117 94 90 67 
901 899 850 844 795 785 736 722 673 655 606 585 539 518 476 455 417 396 362 341 311 290 264 243 221 200 182 161 147 126 116 95 89 68 66 
900 849 845 794 786 735 723 672 656 605 586 538 519 475 456 416 397 361 342 310 291 263 244 220 201 181 162 146 127 115 96 88 69 65 46 
848 846 793 787 734 724 671 657 604 587 537 520 474 457 415 398 360 343 309 292 262 245 219 202 180 163 145 128 114 97 87 70 64 47 45 
847 792 788 733 725 670 658 603 588 536 521 473 458 414 399 359 344 308 293 261 246 218 203 179 164 144 129 113 98 86 71 63 48 44 29 
791 789 732 726 669 659 602 589 535 522 472 459 413 400 358 345 307 294 260 247 217 204 178 165 143 130 112 99 85 72 62 49 43 30 28 
790 731 727 668 660 601 590 534 523 471 460 412 401 357 346 306 295 259 248 216 205 177 166 142 131 111 100 84 73 61 50 42 31 27 16 
730 728 667 661 600 591 533 524 470 461 411 402 356 347 305 296 258 249 215 206 176 167 141 132 110 101 83 74 60 51 41 32 26 17 15 
729 666 662 599 592 532 525 469 462 410 403 355 348 304 297 257 250 214 207 175 168 140 133 109 102 82 75 59 52 40 33 25 18 14 7 
665 663 598 593 531 526 468 463 409 404 354 349 303 298 256 251 213 208 174 169 139 134 108 103 81 76 58 53 39 34 24 19 13 8 6 
664 597 594 530 527 467 464 408 405 353 350 302 299 255 252 212 209 173 170 138 135 107 104 80 77 57 54 38 35 23 20 12 9 5 2 
596 595 529 528 466 465 407 406 352 351 301 300 254 253 211 210 172 171 137 136 106 105 79 78 56 55 37 36 22 21 11 10 4 3 1 
