7338
7236
582
6897
3475
4338
3652
503
993
9941
4602
2177
6418
7595
1898
2931
4254
6196
4078
5440
4802
7245
1724
5059
6342
9301
6657
9891
50
7639
9890
-1
1983
5979
-1
4650
8291
5576
5347
7933
6193
4863
9204
7438
5664
9281
7191
4074
3216
5439
8250
7088
1291
-1
2963
6103
698
8824
5861
4985
3139
-1
4677
8180
5642
5448
-1
7002
5542
516
3227
5425
7317
2140
1864
858
2884
4255
8183
1600
7519
2827
3768
3536
1174
4162
4984
5782
1257
6512
2470
1724
-1
503
8349
4223
720
4188
4267
2374
2334
8130
6194
-1
3337
8711
762
5957
6232
8961
1919
4786
309
2030
2655
179
-1
1062
1358
752
3341
6044
5793
3305
7678
4038
7869
5353
4775
5236
9006
611
754
-1
6027
8854
5850
3185
9638
2289
3432
2198
6770
1516
8290
4490
5847
3961
5804
7132
4625
7042
7240
9596
2016
883
4515
-1
9770
2980
8980
5426
6370
5550
868
4466
2671
8614
1329
182
7006
3557
4219
502
4296
3452
8078
9159
8674
7613
428
5391
2130
-1
3227
6838
2075
8572
-1
4513
-1
-1
302
4305
-1
699
1137
1786
4356
5107
9996
3362
5855
3675
-1
958
2021
-1
7391
3760
6725
8792
6272
594
3180
5451
5249
-1
9944
5406
572
8542
-1
7563
1165
-1
7707
1030
5280
1667
9885
140
7275
990
7069
1481
5915
535
575
4326
1036
9349
-1
-1
5484
90
-1
3719
-1
4079
4197
2986
7800
2315
-1
-1
504
-1
7628
8261
2344
-1
5706
873
4826
-1
2616
1614
9708
815
7167
2227
4300
3043
879
5749
2962
4608
-1
-1
-1
5023
9481
994
-1
674
3840
6383
2457
3260
5148
514
3949
-1
2791
6642
-1
-1
-1
6119
5614
937
5364
1700
7834
4474
3623
3398
8252
7452
46
7632
1722
1900
7828
9347
-1
8844
-1
2792
8480
494
5818
5067
9586
6162
-1
7070
1547
6398
8337
306
8312
9369
4782
387
-1
-1
-1
8803
4507
3331
7708
-1
-1
3600
6652
4087
5707
9768
18
5831
4433
2088
5953
-1
-1
-1
3966
3750
633
2419
3140
3838
5425
8414
8641
5847
-1
-1
1635
8692
7742
135
1503
3252
8482
-1
3459
6455
6639
-1
-1
2819
-1
-1
542
7414
-1
-1
-1
-1
2152
5842
-1
7585
128
-1
-1
920
-1
-1
1157
2344
-1
910
4211
-1
8095
-1
1415
-1
-1
4323
-1
1866
4605
8709
-1
-1
8217
-1
-1
7974
7490
-1
5795
-1
7205
2277
3850
-1
8001
3408
846
-1
4088
-1
-1
4360
7092
7304
2328
7642
7392
-1
8908
-1
-1
1358
3190
1294
7433
2515
-1
-1
1773
-1
2053
8340
6100
936
1339
-1
4885
1431
-1
-1
-1
9671
1231
8483
595
5820
-1
6282
-1
5098
-1
-1
-1
9754
-1
-1
-1
1179
-1
-1
-1
8295
-1
-1
1998
-1
-1
9113
9457
1512
2398
7818
595
8390
7436
5396
2465
-1
7522
-1
6428
8187
5044
1433
