1
1
1
1
1
1
1
1
1
1
1
1
1
1
1
1
1
1
115
115
938
1
1
1
1
1
1
1
1
1
1
1
1
1
1
474
713
391
391
391
391
391
1
1
1
1
1
1000
1000
1000
601
152
152
149
149
149
149
149
955
603
128
103
103
103
1000
156
156
1
1
1
1
1
1
1
1
1
1
1
1
1
1
1
1
1
1
1
1
1
1
1
1
1
421
320
99
99
99
99
99
99
99
813
813
813
669
545
545
255
255
14
14
14
1
1
847
921
225
200
200
782
782
782
657
755
755
666
666
516
516
541
541
541
541
541
581
1
1
1
1
1
1
1
1
1
1
1
1
1
1
1
1
1
54
54
54
54
54
54
54
54
54
54
54
54
54
54
54
54
54
54
54
54
50
50
50
50
50
50
50
50
50
50
50
50
925
925
925
637
298
298
275
275
275
275
275
107
583
677
1
1
1
1
1
1
1
1
1
1
1
741
741
1
1
1
1
1
1
1
1
1
29
29
29
29
29
752
752
752
926
926
926
135
8
8
8
8
8
950
840
1
1
1
1
1
1
1
1
1
1
1
1
125
125
125
125
73
73
1
1
1
1
1
1
1
1
287
287
287
148
148
47
47
47
1
1
1
1
1
1
1
1
1
47
47
1
1
1
1
1
1
1
1
1
1
994
994
660
660
328
215
574
574
91
91
91
91
91
91
91
91
1
1
1
1
1
1
1
326
326
170
170
856
302
261
261
261
261
261
261
261
261
806
806
1000
1000
202
126
126
126
126
126
126
126
126
126
126
126
126
126
126
126
58
58
58
58
58
58
58
58
58
58
58
58
58
58
58
58
58
58
58
1
1
1
1
1
1
1
1
1
1
1
979
992
992
365
365
1
1
1
1
8
4
4
4
4
4
4
459
459
459
1
1
1
1
1
1
1
1
1
1
1
1
1
1
1
1
1
59
59
59
27
27
27
27
27
27
27
27
379
898
747
747
747
747
1
228
228
997
997
141
141
141
141
141
141
141
141
141
2
2
2
2
2
1001
942
942
942
1001
485
485
485
485
278
278
1001
480
480
480
1
1
1
1
1
1
1
1
1
1
1
1
1
1
648
648
694
273
273
273
143
143
143
143
193
193
891
891
555
558
289
289
289
9
9
9
9
9
9
9
9
9
9
9
9
9
9
9
9
9
607
607
756
232
232
232
232
232
232
232
232
114
515
515
26
26
26
26
1
1
1
1
404
404
404
404
103
103
103
103
103
103
103
103
103
103
103
103
103
103
103
103
103
103
103
458
305
1
1
1
1
1
1
1
1
743
743
306
304
135
135
135
964
555
555
555
555
399
399
204
204
204
204
204
204
204
204
204
204
204
204
204
1
1
1
582
101
101
42
42
42
42
42
42
42
42
42
42
42
42
1
1
1
1
1
1
1
1
1
1
1
1
1
1
1
1
1
1
1
1
1
1
1
1
1
1
1
1
1
1
793
793
793
793
26
26
26
26
26
26
26
26
26
26
26
26
26
26
26
26
26
26
26
26
26
26
1
1
1
1
1
1
1
1
1
1
1
1
1
1
1
155
155
155
155
155
155
155
155
155
155
155
155
155
155
155
155
155
155
155
155
155
155
155
417
417
417
417
417
417
417
941
941
330
1
1
1
1
1
1
1
1
1
1
1
1
1
1
1
487
268
268
920
154
920
920
1
1
1
1
1
1
1
1
1
1
1
1
1
654
79
79
79
79
79
79
79
79
79
38
38
38
38
38
38
585
335
335
87
87
87
87
87
87
87
87
7
7
7
7
7
7
7
7
7
7
7
7
7
7
7
7
7
7
7
1
1
1
1
1
985
658
1
1
1
658
658
422
422
422
463
565
317
246
246
178
178
178
178
178
178
178
178
178
178
178
178
178
178
178
178
178
178
178
38
38
38
38
38
38
38
38
38
38
38
38
38
38
38
38
38
38
38
38
38
38
38
17
17
17
17
17
112
67
67
67
1
32
32
32
32
875
875
311
311
311
54
54
54
54
54
54
54
54
54
54
54
54
54
33
33
17
17
17
17
17
17
17
17
1
1
1
1
1
1
1
1
1
1
1
1
1
1
1
1
1
1
1
1
1
1
1
1
1
1
1
1
1
1
1
1
1
1
93
93
93
93
93
48
174
174
174
174
174
169
656
656
656
648
648
603
603
603
603
158
158
158
158
158
158
158
158
158
1
1
1
1
910
338
338
338
270
270
110
110
110
51
51
51
51
1
1
109
77
77
77
272
272
272
1
751
1
