1217
1237
821
365
1135
1211
1237
1116
1016
1243
1179
1212
347
904
462
21
1084
1100
1146
56
1003
1013
1162
805
1246
636
175
86
1109
1053
1090
1217
1218
165
893
765
1206
1235
1104
1193
1148
66
888
1051
272
139
291
1216
1118
1181
130
1168
592
961
1166
764
407
400
158
980
221
653
1126
1019
1057
929
605
610
1219
76
1024
241
947
789
704
636
810
186
291
1119
616
608
189
1158
599
466
1074
1201
946
302
573
590
452
527
913
972
1148
172
848
526
644
487
1236
1134
1225
128
673
810
305
616
141
1244
558
274
1104
1162
1230
1225
63
823
24
1227
1097
319
1031
1204
687
1233
427
1239
1081
897
1207
1229
875
1234
803
506
764
378
807
1220
472
1212
1227
1192
586
628
726
1186
575
955
868
1226
1211
1134
1079
1202
1063
662
579
1183
712
292
628
220
72
588
1159
1183
935
423
962
592
569
950
1079
676
1087
705
556
487
1183
1126
1189
1245
430
983
1214
688
1244
940
963
44
323
314
1143
749
805
165
448
1211
1251
1186
578
1217
533
1078
838
1051
176
850
902
741
664
756
704
998
751
1199
1245
930
955
547
1226
288
592
860
948
590
875
1254
134
1234
1211
1246
1087
593
1187
597
1164
1225
1249
1206
1019
392
1176
1232
1223
1043
1142
466
552
1040
1225
89
763
1140
762
454
422
63
704
618
316
1238
527
211
105
421
155
292
1174
1231
739
1052
830
584
164
1004
1195
694
742
253
1217
968
617
435
510
1178
14
992
1206
1222
977
618
217
1032
1121
1248
180
1180
424
497
103
1071
1030
626
540
102
1206
1188
684
896
634
111
585
488
510
1148
1250
591
8
695
978
1043
1133
1235
929
1228
1244
1232
936
1254
761
229
594
382
698
895
1086
1064
388
137
879
641
1102
859
122
1104
1244
992
883
99
1149
277
871
584
770
744
233
1157
1189
737
1234
63
755
521
1246
1125
1196
819
1038
1255
886
1143
1133
867
1252
1115
910
1190
538
8
914
463
1249
1209
1127
277
190
573
1202
1024
237
253
736
1006
250
1225
243
840
1116
1249
8
829
118
283
646
1218
1218
888
481
893
999
637
1153
1219
1188
505
1182
760
641
1098
241
1245
809
312
672
1083
334
1200
1075
498
498
1252
837
170
1238
341
1012
1228
1233
1198
1126
798
290
282
401
1154
1165
1225
1054
1199
193
426
1180
1251
482
513
1052
1254
1200
1247
932
1120
635
330
982
1253
1076
1253
1232
615
410
1254
279
193
353
1255
1173
1151
990
255
509
426
966
1174
1107
1065
1254
163
1221
985
299
1178
705
700
1021
909
247
998
208
101
801
37
1218
1254
1172
898
1226
472
15
1244
193
504
1244
1224
1232
1165
26
1136
578
18
842
1132
1255
779
874
738
1053
908
905
1153
163
760
977
508
1246
1241
1253
837
1242
813
986
1248
1065
1180
1198
449
943
832
811
652
659
1133
546
198
1079
546
1193
445
1194
1042
1166
837
214
1226
1247
941
195
1221
1174
1069
1249
991
1250
159
1199
122
894
1148
1212
1248
1097
639
979
836
587
1257
934
1242
302
1245
688
755
1094
100
1109
1127
470
195
630
1218
975
536
1132
498
1227
1198
1244
1249
182
958
1243
1192
1237
1160
1249
1153
1225
7
1156
1221
1063
594
886
1151
1124
272
1187
445
1163
283
914
592
1197
1021
1085
948
560
793
1249
140
384
853
994
1009
594
1027
692
1243
370
1224
690
278
1176
1121
608
1120
596
1194
442
166
1043
1131
1134
271
651
1242
1011
1208
837
347
1254
1014
885
1242
1192
123
1192
1229
496
1173
1214
396
269
77
1187
1127
1078
282
85
879
259
401
1228
984
1065
1221
1003
1197
1223
387
1124
1004
45
80
123
939
1030
535
1234
268
626
186
7
911
217
1236
865
788
856
905
467
855
1253
410
254
332
1159
1016
476
712
856
1243
223
1235
1192
216
957
1179
859
1020
856
1131
1251
973
894
1242
1242
1195
1186
333
840
1228
162
1083
1221
1200
788
956
77
618
351
1230
476
305
1184
1243
744
753
890
1128
1195
911
420
1131
1211
839
618
1249
1249
1219
548
552
1142
1133
1252
677
1126
253
632
1165
275
1143
797
345
617
49
1252
1200
144
1243
1067
1208
463
1126
1192
974
391
220
1253
1203
1240
1177
585
976
993
1162
958
629
1146
815
434
780
1189
1162
255
305
438
817
732
625
1217
487
481
46
598
1225
37
1243
691
1198
782
771
411
586
264
853
1075
400
1166
1001
960
730
1160
1244
503
1189
1195
1143
1055
429
1244
514
1223
1042
876
913
922
1224
564
569
1205
1224
81
1044
824
1168
1223
42
1191
607
900
473
1246
1203
965
1159
365
1226
469
1241
515
1139
854
625
1224
336
1177
1056
1198
176
72
703
1241
305
1145
977
289
1145
1215
1222
1216
1241
1124
1169
913
441
1236
1197
230
1028
1175
906
696
569
872
697
686
1192
253
1177
1072
143
1232
274
1224
957
1237
1246
1127
636
1172
654
1091
249
1209
872
1246
1216
587
266
357
325
577
759
175
1221
1245
1196
1149
1177
1231
851
1187
921
1232
1148
464
948
1233
456
763
374
1214
828
707
36
1181
644
260
266
1137
1222
1189
1228
1236
920
632
399
1216
1245
1190
847
465
1245
551
932
1179
215
917
1075
322
238
1161
938
204
1202
261
1203
911
785
1058
627
1250
672
911
510
1186
357
1224
1037
1211
1148
1225
1038
1113
346
1071
643
472
1057
504
861
981
1250
105
1234
176
1244
1108
1039
1247
1033
1159
331
707
60
56
260
824
934
661
278
423
1167
1245
1059
1242
1214
1000
1236
1193
1203
1201
659
507
622
501
760
1245
1229
1229
574
1247
120
1247
1035
601
1085
989
173
1197
860
348
957
602
1204
122
956
279
1253
139
414
848
1091
662
350
259
294
684
1235
832
912
1229
1061
1231
236
1258
1209
660
751
73
1172
1180
116
168
318
142
1230
1254
828
623
1202
118
1189
425
290
1189
543
1159
313
1024
1254
1051
18
1230
222
919
102
152
957
1166
1104
375
297
472
1205
1202
173
1197
1058
1199
1250
373
1232
538
1134
1235
666
851
292
1136
124
915
1250
1089
827
124
154
1199
1162
1219
1256
391
638
844
1162
1186
661
648
196
566
1136
1140
1221
1218
747
590
657
1254
456
568
1029
1198
1228
612
1012
981
1187
1086
49
1109
1255
302
892
309
1031
1208
340
568
1155
1158
926
869
227
1189
493
629
1146
529
1230
1095
615
415
1182
265
129
1135
179
883
293
1232
1159
829
1127
1207
1228
553
1249
1129
652
1244
636
309
931
986
337
256
1253
93
1254
844
339
1012
1231
735
998
1244
608
1232
478
1248
1230
1219
351
1251
1099
999
849
198
226
1137
336
824
1187
1231
22
1135
1129
1202
633
1006
1140
585
502
1068
884
250
665
766
618
956
599
1050
1030
496
912
1171
995
1103
370
260
1178
824
858
177
1203
1219
1226
1005
623
953
1198
1048
1072
1087
1224
891
216
863
982
1143
834
1202
1258
1243
664
854
508
671
197
663
1200
764
127
28
13
407
682
1176
328
1121
743
264
714
532
890
1013
930
808
994
1194
552
1119
1115
102
1230
107
974
327
1231
445
1251
591
1079
181
1174
1259
692
811
1132
1254
927
574
1207
1245
1221
709
997
223
960
1234
1051
1248
1263
375
628
290
1229
700
1259
845
699
573
1249
1080
1134
444
307
594
174
795
1233
1230
1047
463
568
858
937
249
1061
1079
990
499
657
144
927
1248
1
870
550
978
1230
1240
494
834
313
994
621
1248
1125
1052
589
1184
717
1252
1202
556
672
841
1210
1015
960
917
806
522
805
650
1035
1181
157
1240
449
773
1267
849
394
939
1234
471
19
930
152
97
1253
812
891
523
1208
480
571
1170
1259
1165
880
1250
1164
1233
18
1249
939
1255
422
1236
1230
1237
939
1156
1231
1231
179
116
583
981
122
298
332
705
1160
271
1079
773
840
131
1262
1209
1240
1189
1205
1182
1135
1183
1176
1225
404
1040
1050
469
1172
494
1143
1090
187
424
863
1158
676
1228
174
1226
789
1187
520
1237
522
634
708
1262
668
1194
1108
53
492
264
1052
806
938
659
1240
1228
1053
1196
1235
188
964
1258
1198
173
1253
1188
825
1149
1268
1030
1080
1102
1133
1235
962
842
371
1260
976
11
1253
1228
1200
1209
1253
1228
840
1249
1206
1166
1155
166
607
1249
1259
870
1055
533
1115
478
388
394
1254
1066
1126
1254
1055
1221
1267
13
1230
506
707
576
1261
764
405
327
1204
1248
379
688
639
1240
353
826
1237
149
697
732
363
1207
244
731
1255
551
570
1196
660
597
364
515
998
500
1084
467
1260
1238
389
1230
602
921
491
779
584
1063
906
989
484
1261
1249
1242
958
1243
1055
1192
1018
278
1202
1126
1046
864
635
80
1257
1132
454
748
1231
409
949
1212
859
881
1205
1060
1251
536
1227
1102
1254
959
1246
1224
654
1235
45
1201
1034
1230
750
635
669
1227
863
641
1157
912
976
1115
1133
626
1144
1224
1190
802
181
633
1235
1242
526
454
1164
809
529
366
1135
1136
1017
1198
159
775
933
692
855
453
1180
890
1127
63
849
1165
1213
204
544
1263
583
960
349
1007
1246
1177
238
1128
1003
1229
983
1155
900
1191
1068
1208
1055
1
345
1224
819
804
74
1192
426
561
1246
802
287
1116
1216
1247
876
465
709
666
554
1191
1219
849
1065
1189
1156
472
1252
960
1109
532
165
1189
1127
188
129
559
141
1230
1091
1241
682
1060
1168
1201
1260
616
1214
1218
993
36
918
59
237
637
642
906
998
122
730
1244
1052
1243
1055
1012
471
900
1228
553
1232
369
1246
518
1140
939
1197
592
1211
1198
983
1152
1147
1218
13
1225
1239
944
242
109
1124
1152
1243
1102
998
1250
1089
338
90
884
866
813
1170
1020
877
817
1228
1255
226
327
509
639
478
304
1195
200
1244
423
1253
1067
707
1230
451
614
1080
515
1239
621
1246
1065
1085
1228
867
305
348
1156
1205
1240
529
985
1256
1166
798
1019
1108
1080
705
913
84
674
1106
1111
339
684
972
1038
1193
1225
1213
401
872
820
434
1159
1133
798
110
289
1143
1120
1174
1246
533
772
1244
1235
357
1151
1195
1120
1185
823
1117
1201
1227
1236
595
488
1206
1216
1236
974
1244
1232
944
576
1229
1248
889
1039
1229
375
663
468
1248
1260
869
640
996
1038
1179
835
927
923
1142
1251
802
389
1228
878
1258
607
456
1236
344
998
979
475
695
470
644
145
1222
1157
1233
813
212
768
124
1232
1125
1060
634
127
354
1180
1245
1107
1157
762
1035
1245
1219
556
1251
882
934
218
889
1220
1180
682
978
414
1158
1243
331
1201
961
1189
912
304
223
1228
1154
956
1154
527
774
381
31
726
1228
1185
711
46
275
1119
1246
153
226
1097
737
820
142
912
75
1115
362
671
1194
1252
1023
647
1231
484
1207
1241
772
1238
1191
1220
313
1204
1231
1245
75
149
354
1157
603
1225
1229
658
309
1241
1245
265
1065
673
1181
874
1236
1130
1256
958
1103
418
1242
96
591
1234
55
1097
1146
290
865
953
1070
264
1244
1160
1233
591
1218
72
156
1214
1218
1090
558
1230
1236
1084
1158
1232
694
1177
988
532
160
1035
1255
907
476
156
1237
1109
189
891
497
1247
362
725
1255
932
1236
660
288
292
467
1257
1247
978
1215
605
752
1206
1235
174
213
772
87
833
362
1132
711
768
1131
692
1242
1182
938
960
1071
84
799
1107
769
340
1233
1246
484
1207
1189
960
1229
39
1192
604
1107
881
1259
976
1191
1023
1228
606
324
902
140
184
1224
158
1247
478
194
178
1023
53
623
953
850
293
1204
889
780
766
1241
129
559
1234
949
1203
1248
1113
574
1114
1257
991
333
847
212
502
1185
1202
458
223
676
79
1227
342
207
1235
554
1070
500
49
879
208
193
1226
402
1185
1165
1251
843
1053
1054
120
44
0
1211
1256
581
134
1226
877
919
955
1197
1228
1037
832
178
312
1208
202
474
663
817
1185
287
207
249
1238
1235
1195
361
313
459
1185
871
1248
1206
1246
308
1251
915
1250
1035
149
97
1133
570
1195
1071
458
1080
862
597
782
724
1187
598
1250
1224
948
1202
1254
40
1045
1189
553
142
1071
1166
954
1037
1188
345
1024
1043
396
437
202
1252
1238
794
923
980
1029
1232
268
1115
914
1245
1200
283
661
1258
580
987
1105
1155
901
253
1249
122
1
1250
1228
755
501
1160
1251
1005
751
1223
1257
556
991
1257
1027
1206
99
922
1258
1249
474
188
208
690
651
1059
994
1247
1065
787
269
183
794
359
1134
1037
373
284
566
1113
967
297
112
944
1104
1079
1202
982
888
1217
1190
1195
135
1037
923
167
143
692
1162
1191
346
663
1120
951
1196
984
1075
1253
499
1203
954
470
1208
1211
822
289
1238
270
1250
1209
451
1014
1204
121
407
1055
512
198
1208
1203
899
553
1252
859
1168
1158
363
853
1025
835
1164
894
397
1077
597
694
59
1226
1158
1243
820
1078
1197
80
120
544
749
1239
1186
1259
1201
130
619
104
264
1248
769
1261
853
1255
60
999
318
246
1068
147
1242
1249
319
1255
261
854
531
143
712
1238
1019
1260
1089
1239
