    2    7    3    9
    0   11    9    9
    0   11    1    2
    0   11    1    3
    1    5    1    2
    3    5    1    1
    5    8    2    1
    7    9    2    1
    1    3    1    6
    0   11    2    2
              0     1869573999              2              3              3     1869573999     1869573999     1869573999     1869573999     1869573999              6
              0     1869573999     1869573999     1869573999              3     1869573999     1869573999     1869573999     1869573999     1869573999     1869573999
              0     1869573999     1869573999              2     1869573999     1869573999     1869573999     1869573999              5     1869573999              6
              0     1869573999     1869573999     1869573999              3     1869573999     1869573999     1869573999     1869573999     1869573999     1869573999
              0              1     1869573999     1869573999     1869573999     1869573999     1869573999              4     1869573999     1869573999              6
              0              1     1869573999     1869573999              2     1869573999     1869573999     1869573999     1869573999     1869573999     1869573999
              0              1     1869573999     1869573999     1869573999     1869573999              3     1869573999     1869573999     1869573999              6
              0     1869573999     1869573999     1869573999     1869573999              2     1869573999     1869573999     1869573999     1869573999     1869573999
              0     1869573999     1869573999     1869573999     1869573999     1869573999     1869573999     1869573999     1869573999              5     1869573999
              0     1869573999     1869573999     1869573999     1869573999     1869573999     1869573999     1869573999     1869573999     1869573999     1869573999
1
6
