40
40
40
40
86
86
136
147
147
147
147
147
147
147
147
155
165
165
267
267
267
267
338
370
395
395
395
395
456
487
471
522
551
551
562
562
589
589
645
645
683
683
681
681
681
697
700
700
719
735
756
756
789
789
789
789
789
789
779
779
779
768
768
768
779
791
756
756
756
756
766
766
766
751
751
751
751
751
751
770
761
761
784
769
769
769
769
769
778
793
777
777
785
785
757
757
757
757
757
757
757
757
757
757
757
754
754
754
784
799
799
799
824
797
796
796
796
796
804
804
814
814
817
815
802
802
802
802
812
807
799
801
801
801
800
803
803
803
803
806
806
806
806
806
806
807
784
784
785
785
786
792
803
800
815
815
815
812
844
844
844
872
872
880
880
880
880
880
880
880
880
880
871
871
871
870
870
870
870
903
903
903
903
903
903
903
900
900
900
900
901
889
889
889
892
892
892
892
892
901
901
901
901
939
939
937
937
937
937
937
937
937
926
926
919
922
964
964
964
961
959
959
959
959
958
958
958
952
952
952
952
952
964
964
964
959
959
959
962
962
962
962
962
962
962
962
962
961
961
961
960
960
959
959
963
963
963
963
963
963
963
963
962
962
957
958
958
958
958
958
958
958
958
958
958
950
950
950
950
950
951
951
956
952
958
958
958
958
958
958
958
958
968
966
966
974
974
974
974
974
974
974
968
960
955
955
941
941
941
941
936
936
936
944
944
944
944
944
944
949
949
949
949
949
951
947
947
947
947
930
930
930
931
931
931
931
931
931
931
931
931
931
940
940
940
945
948
950
964
964
964
964
976
976
976
976
972
972
972
972
972
972
972
970
970
970
970
970
970
970
970
970
970
970
970
970
970
970
970
970
964
964
961
961
955
955
955
955
955
958
958
958
958
958
958
950
964
964
964
961
961
961
961
961
961
961
961
961
961
961
961
961
961
963
963
963
957
957
957
957
957
957
960
960
960
960
960
960
960
964
964
964
964
964
964
964
970
970
970
970
970
970
951
951
951
951
951
951
962
966
966
966
966
966
966
966
966
971
971
971
971
971
971
971
971
971
971
971
971
966
966
972
977
977
972
972
972
972
963
967
967
959
965
965
965
974
974
974
974
965
965
965
965
967
967
962
966
965
965
966
966
966
966
961
960
960
960
960
960
960
960
960
965
965
963
963
963
963
963
963
963
964
964
964
964
969
969
969
965
965
965
962
962
962
962
962
962
962
962
962
967
967
967
971
971
971
971
974
974
974
974
969
969
969
969
969
969
969
962
962
962
962
962
962
962
962
969
969
969
968
968
968
968
967
958
958
958
958
958
958
958
962
962
962
962
962
967
967
967
962
967
967
967
967
967
967
972
972
972
976
976
976
976
977
977
977
977
977
978
978
978
978
978
978
978
978
980
980
980
976
976
980
980
980
980
980
980
980
980
980
980
980
979
974
974
974
974
974
974
974
975
975
975
974
978
978
979
979
979
979
979
979
979
979
979
979
979
979
979
979
984
984
984
984
984
984
984
984
984
984
984
984
984
984
984
984
984
984
984
984
985
985
985
985
985
985
985
985
984
984
983
982
982
982
982
982
982
982
982
982
982
982
982
982
982
982
982
982
982
982
982
982
982
982
982
983
987
987
987
987
987
987
986
986
986
986
986
986
986
986
986
986
986
986
986
986
986
986
987
987
987
987
987
987
987
987
988
988
988
988
988
984
984
984
984
984
983
983
982
983
983
983
983
983
983
983
983
982
982
982
982
982
982
982
982
982
982
982
982
982
982
982
982
982
982
982
982
986
986
986
986
986
986
986
984
989
989
989
989
988
988
989
989
989
989
989
989
990
990
990
990
990
990
990
990
990
990
990
990
990
990
990
990
990
990
990
992
992
992
992
992
992
992
987
987
987
987
987
987
987
987
987
987
987
987
987
987
987
986
986
986
986
986
986
986
986
986
986
986
987
987
987
987
987
987
987
987
987
987
987
987
987
987
987
987
987
987
987
987
987
987
987
987
983
983
983
983
983
980
980
980
980
980
980
980
980
980
980
980
980
980
980
980
980
980
983
983
983
983
983
983
983
983
983
983
983
983
983
990
986
986
986
986
990
990
990
990
990
990
990
990
990
990
990
989
989
989
989
989
989
989
988
988
988
988
988
988
988
988
988
988
989
989
989
988
988
988
989
989
989
989
989
989
989
989
989
989
987
987
986
986
986
986
986
986
986
986
986
986
986
986
986
986
986
986
986
986
986
986
986
986
986
986
986
986
986
986
986
986
986
