1000 1000
891
890
895
890
897
895
908
908
908
900
898
900
900
900
900
904
910
913
904
898
906
900
902
907
907
910
913
913
909
912
914
914
914
916
919
919
910
910
917
915
918
925
929
929
929
921
922
934
931
934
927
933
933
933
935
935
935
944
944
943
943
943
943
946
943
943
941
936
936
936
936
932
930
926
926
934
938
942
939
941
941
942
940
940
933
933
933
933
933
933
936
939
938
932
932
927
922
926
924
924
925
923
917
917
917
917
911
914
916
910
914
912
900
900
902
902
902
904
904
907
907
905
903
905
901
901
901
897
896
888
888
888
887
888
884
884
876
884
885
885
885
885
885
882
882
882
882
878
878
879
881
874
874
874
874
874
874
876
877
873
873
878
871
861
861
862
859
857
858
846
834
834
836
849
853
857
855
856
856
857
857
857
860
860
859
850
850
850
850
849
849
843
849
848
842
834
834
830
832
839
839
839
837
838
838
837
829
829
835
838
834
835
835
835
832
830
830
830
829
829
829
829
829
826
826
822
822
822
818
814
814
819
819
819
826
828
827
827
840
841
841
842
842
847
849
849
849
852
850
850
850
850
849
849
845
845
843
843
842
837
834
834
838
835
837
831
831
831
836
836
833
830
827
827
815
816
816
805
798
806
800
812
812
810
810
810
807
815
813
814
818
822
826
827
823
820
820
822
817
817
815
817
817
817
817
817
813
813
806
812
812
812
810
815
811
811
816
812
812
812
817
813
822
824
830
837
832
827
827
827
825
818
818
816
815
810
810
816
824
820
820
819
819
821
820
828
828
830
835
837
837
840
831
835
829
832
832
840
840
840
841
837
832
826
822
822
825
825
825
822
828
828
828
819
819
813
813
813
815
810
809
809
804
802
802
805
802
802
811
804
813
818
823
815
807
807
805
809
806
808
806
809
812
807
801
801
801
801
798
798
797
797
797
797
791
791
791
802
802
812
812
820
816
805
803
811
804
798
801
799
806
807
814
811
809
803
803
809
806
804
809
815
815
815
815
810
810
809
809
814
813
813
810
802
798
797
796
792
785
774
771
771
782
782
772
772
775
781
779
773
772
764
770
767
767
767
775
784
780
774
775
775
775
775
777
777
778
778
780
773
770
761
767
767
767
769
767
767
769
770
781
789
792
795
805
805
805
793
793
801
804
810
808
808
814
811
823
822
818
818
818
817
815
820
820
820
826
826
831
840
842
838
835
836
836
829
822
823
825
824
826
824
830
831
823
819
808
808
810
810
814
814
814
814
815
815
815
820
822
821
823
825
825
825
827
826
831
831
830
830
829
829
823
822
823
820
817
817
817
819
814
809
816
817
817
817
812
821
813
811
808
812
821
820
824
824
824
824
823
823
824
824
824
826
826
824
827
819
819
812
810
810
810
813
809
809
809
810
813
812
812
814
814
814
814
814
812
811
811
808
807
812
814
815
816
806
811
815
815
815
815
809
810
797
793
793
793
793
798
798
798
805
805
805
805
804
812
808
808
808
807
807
807
809
815
818
818
816
816
823
823
825
831
831
831
835
835
834
834
829
837
839
839
843
843
844
845
845
845
842
841
838
846
846
839
839
835
839
837
837
836
830
826
825
825
825
813
813
820
820
820
820
820
814
823
821
821
821
825
825
825
825
825
821
815
815
815
815
815
815
817
816
814
814
799
808
806
806
807
807
797
796
797
793
786
780
780
780
780
783
785
785
785
779
785
788
788
790
794
794
801
801
805
805
796
796
796
804
796
796
796
796
796
797
797
797
802
802
802
802
799
799
801
801
796
802
802
802
811
811
815
815
816
816
818
818
818
816
816
812
812
812
814
813
813
812
812
812
816
817
817
818
818
818
818
819
815
815
814
810
809
810
810
808
807
807
807
809
808
808
809
810
811
814
815
815
817
817
816
816
810
812
813
813
813
809
809
809
808
804
804
804
804
809
809
809
809
805
806
806
806
808
808
815
816
816
816
816
811
808
801
803
803
805
805
804
804
804
802
802
802
802
802
798
798
801
791
794
787
783
783
783
783
784
775
775
773
773
766
766
766
766
767
767
767
767
763
764
764
764
768
768
768
767
768
768
770
770
772
768
764
764
764
761
761
761
767
766
766
763
758
758
758
758
757
757
756
758
758
760
760
760
760
764
764
762
762
763
767
766
766
762
757
758
758
758
761
761
761
759
762
763
765
765
765
765
765
765
765
765
767
769
769
769
769
771
771
771
771
771
780
780
782
777
777
774
774
774
773
765
765
765
765
765
772
772
766
766
768
766
