990
988
988
991
991
991
991
991
992
991
992
993
993
993
991
991
988
989
986
985
985
985
984
984
983
983
983
984
984
984
984
984
985
985
985
985
985
986
985
985
985
985
985
984
984
984
983
985
985
985
985
985
985
988
988
988
988
988
990
990
988
988
983
983
983
983
983
983
983
983
983
983
983
983
983
983
980
979
978
982
983
983
983
983
983
984
984
984
984
984
984
984
984
984
984
984
984
981
981
980
980
981
978
978
978
977
977
976
976
975
974
974
974
974
974
974
974
974
972
970
972
972
972
972
974
975
974
975
975
975
974
975
975
974
975
974
974
974
977
977
978
978
978
978
978
978
977
976
976
977
978
979
979
979
978
978
978
976
976
976
976
976
978
977
977
977
977
978
978
978
978
978
978
979
978
978
978
978
979
978
978
978
978
977
977
977
974
974
974
975
975
975
975
975
975
974
974
974
974
974
974
974
975
975
975
975
975
974
974
974
974
974
974
974
974
974
973
973
973
973
973
973
972
971
971
971
971
973
973
973
973
973
973
974
975
975
975
975
974
974
974
973
973
973
973
972
972
972
972
972
972
972
970
970
970
970
971
970
970
969
969
969
968
968
966
966
968
969
969
969
969
971
972
972
970
971
972
973
973
973
973
973
973
973
975
975
975
976
976
976
976
976
974
975
976
977
976
976
976
977
976
976
975
975
975
975
975
975
975
975
975
975
975
973
973
973
972
972
972
972
972
972
972
972
972
972
972
972
971
971
971
971
971
969
969
969
969
969
969
971
971
971
971
971
969
969
969
969
969
969
969
969
969
968
971
971
971
971
971
971
971
971
971
971
971
972
973
973
973
973
973
973
974
974
974
974
974
974
974
974
974
974
974
973
973
973
973
974
974
974
974
974
974
976
976
976
976
976
976
976
974
974
973
973
973
973
973
974
974
974
975
976
976
976
976
976
976
976
975
975
975
975
975
976
976
976
976
976
976
974
974
974
974
974
974
974
973
973
973
973
974
973
972
972
973
973
976
976
976
976
976
977
974
973
973
973
973
973
973
973
973
973
973
973
972
972
972
972
972
971
971
970
970
968
967
968
968
967
969
969
969
966
966
965
963
963
965
964
966
965
965
966
967
967
964
965
964
964
967
967
967
967
967
967
967
967
967
967
967
967
966
966
966
966
966
967
967
968
968
968
968
970
970
971
971
970
970
970
970
970
970
970
969
969
967
968
970
970
970
970
970
970
968
967
967
967
966
966
966
966
966
965
965
965
965
963
963
961
960
962
962
962
962
962
962
961
960
960
960
960
961
961
962
962
961
961
960
959
958
959
959
961
960
960
959
959
959
959
959
959
959
959
959
959
959
960
961
961
961
961
957
957
956
956
956
956
956
957
958
958
958
958
958
958
958
958
958
958
958
958
958
958
959
956
955
953
954
954
954
953
953
955
955
955
955
954
954
954
954
954
954
955
955
955
955
955
957
957
957
957
957
957
957
957
957
957
957
957
955
957
957
957
956
956
956
956
957
957
957
957
957
957
961
962
962
961
962
961
961
961
960
960
960
960
960
960
960
960
961
961
960
961
961
961
963
963
962
962
962
962
963
963
963
963
963
963
963
963
963
963
963
963
963
961
962
962
962
960
959
959
955
955
955
955
955
953
952
952
952
952
950
950
950
950
950
949
949
949
949
946
946
946
946
946
946
947
947
947
947
948
948
948
949
949
949
949
949
949
949
949
949
947
947
946
946
946
946
946
946
946
945
945
945
945
945
946
946
946
946
946
946
946
946
946
946
946
946
946
946
946
946
946
946
947
947
947
947
947
945
945
945
945
947
947
947
947
947
945
945
945
945
945
945
945
949
949
947
947
948
948
948
949
949
950
950
950
950
950
952
952
951
949
949
951
952
950
950
950
950
950
951
951
949
949
949
949
949
949
949
949
950
949
950
950
950
950
950
950
950
950
950
954
951
951
951
952
952
952
951
951
951
951
952
952
952
951
951
951
952
952
953
951
951
951
953
953
953
951
953
953
951
951
952
952
952
952
952
952
952
951
951
950
950
951
951
950
950
950
950
950
950
950
950
950
950
950
951
951
950
950
950
950
950
951
950
951
954
954
951
951
951
951
949
950
949
949
949
949
949
950
948
947
946
947
947
946
946
947
947
947
946
946
946
945
945
948
949
949
949
949
948
948
948
948
948
948
947
947
947
947
949
949
949
949
950
949
948
948
948
949
949
949
949
949
949
949
949
950
950
950
952
952
952
952
952
952
952
953
953
953
