321
424
424
424
720
720
720
720
754
796
796
796
785
785
785
796
796
796
796
796
785
785
785
882
882
978
978
978
914
914
914
914
914
914
914
914
914
914
914
914
914
903
968
968
968
968
968
968
968
968
968
968
968
968
968
968
968
968
968
968
968
968
968
966
930
930
930
930
930
944
956
942
942
942
942
942
924
924
938
938
938
938
938
938
938
938
938
938
938
919
919
938
938
938
924
924
964
964
964
978
964
959
959
978
978
978
978
978
978
964
964
964
964
964
964
964
964
978
978
961
961
936
936
936
953
953
953
953
953
953
953
953
953
953
980
980
980
979
979
979
979
979
979
979
979
980
980
980
980
980
980
964
964
971
971
971
971
971
971
966
966
971
968
971
971
971
971
963
958
971
961
961
971
958
958
960
960
960
960
960
960
960
960
960
963
963
963
963
963
973
973
973
973
973
973
973
973
973
973
973
973
973
973
973
973
973
973
973
973
973
973
973
973
973
973
973
972
972
972
972
972
972
972
972
972
972
972
972
972
969
972
969
972
969
969
969
972
969
972
972
972
969
972
969
969
969
969
972
972
972
972
972
972
972
974
974
974
974
989
989
989
989
989
989
989
989
989
983
983
983
983
983
983
983
983
983
983
983
983
983
983
983
983
983
989
989
989
986
989
986
986
986
979
979
982
982
982
982
982
982
982
982
989
989
982
982
982
989
982
989
989
989
989
989
989
989
989
989
989
989
989
989
982
989
989
989
989
989
989
989
989
989
989
989
989
989
989
989
989
989
989
989
989
989
989
989
989
989
989
989
989
989
989
989
989
989
989
989
989
989
989
989
989
989
989
989
989
989
989
989
989
989
989
989
989
989
989
989
989
989
989
989
987
987
987
987
987
987
987
987
987
989
989
989
989
989
989
987
987
987
987
987
987
987
987
989
989
989
989
989
985
985
985
985
985
985
985
985
985
985
985
985
983
983
987
987
987
989
989
989
989
987
987
987
987
987
987
987
987
987
987
987
987
987
987
987
987
976
976
976
976
976
976
987
987
976
976
976
976
976
976
976
976
976
976
976
976
976
976
976
976
976
976
976
976
976
976
976
976
976
976
976
976
987
987
987
993
993
993
993
993
993
993
993
993
993
993
993
993
993
993
993
993
985
985
985
985
985
985
985
985
985
984
984
984
984
984
984
984
993
993
984
984
984
984
984
984
984
984
984
984
984
984
984
984
984
984
984
984
984
984
984
984
984
984
984
984
984
984
984
984
984
993
993
993
988
988
988
988
988
988
988
988
986
986
986
986
986
986
986
986
986
986
986
986
991
991
988
987
987
991
991
991
991
991
997
998
998
998
998
998
998
998
998
998
998
998
998
998
998
998
998
998
998
998
998
998
998
998
993
993
998
998
998
998
998
998
998
998
998
993
993
988
988
988
988
986
986
986
991
991
991
990
990
990
990
990
990
990
990
990
990
990
997
997
997
997
997
997
997
997
983
983
983
983
983
983
983
983
988
988
988
988
998
998
998
998
998
998
998
998
998
993
998
998
998
998
998
998
998
998
998
999
999
999
999
999
999
999
999
999
999
994
994
994
999
999
999
994
994
994
994
994
994
994
994
994
994
999
999
999
999
999
999
999
999
999
999
999
999
999
999
999
999
999
994
999
999
999
999
999
985
985
985
985
985
999
994
994
994
994
994
994
994
994
994
994
994
994
994
994
994
999
999
985
990
990
990
989
989
989
989
989
989
989
990
990
990
990
989
989
989
998
998
998
998
998
998
998
998
998
998
998
998
998
998
998
998
998
998
998
998
998
998
998
998
998
998
998
999
999
999
999
997
997
997
997
997
997
997
997
997
997
997
997
997
997
997
997
997
997
997
997
997
997
997
997
997
997
997
997
997
997
997
997
997
997
997
997
997
997
997
997
997
997
997
997
997
997
997
997
997
997
997
997
997
997
997
997
997
997
997
997
997
997
997
997
997
997
997
997
997
997
997
997
997
997
997
997
997
997
997
997
997
996
996
996
996
996
996
996
996
996
996
996
996
996
996
996
996
996
996
996
996
996
996
996
996
996
996
998
998
998
998
998
998
998
998
998
998
998
998
998
998
998
999
999
999
999
999
999
999
999
999
999
999
999
999
999
999
999
999
999
999
999
999
999
999
999
999
999
999
999
999
999
999
999
999
999
999
999
999
999
999
999
999
999
999
999
999
999
999
999
999
999
999
999
999
999
999
999
999
999
999
999
999
999
999
999
999
999
999
999
999
999
999
999
999
999
999
