1000 1000
901
950
935
954
969
929
948
927
941
934
944
960
968
968
968
959
942
955
955
957
979
979
966
972
972
972
964
936
917
881
849
852
889
890
858
840
824
778
794
769
803
803
845
826
826
838
809
793
818
864
870
870
873
860
828
815
810
780
705
734
758
814
802
780
756
756
792
763
779
784
784
767
806
776
793
816
837
854
827
803
826
856
865
865
865
846
845
845
855
855
838
844
844
835
836
835
835
843
854
859
854
854
854
859
864
838
838
824
810
809
838
811
782
782
799
796
796
790
815
815
815
810
810
810
816
823
860
880
897
930
911
896
896
901
901
870
895
885
883
895
895
924
934
952
952
946
946
944
940
940
953
935
920
951
964
942
967
955
955
964
949
919
950
968
950
968
984
979
971
971
971
969
958
975
981
986
986
975
967
967
959
956
961
930
954
954
943
904
881
850
838
867
856
796
836
820
824
878
921
942
959
960
962
961
962
972
980
979
964
954
935
940
930
957
964
971
966
952
934
914
919
914
915
909
924
910
904
899
899
851
851
818
829
858
845
887
895
910
939
922
913
905
915
908
908
919
919
899
898
916
898
872
872
847
863
875
859
812
857
854
875
876
869
884
884
891
908
900
913
894
882
888
898
912
909
909
909
930
901
907
884
872
884
848
848
848
845
807
807
744
744
708
680
665
631
645
658
638
655
655
687
669
643
689
746
755
787
801
844
806
849
819
787
762
770
826
849
827
791
838
799
807
841
879
888
889
894
878
866
884
866
888
901
913
912
927
896
915
927
917
930
948
936
943
943
962
953
953
943
952
952
935
950
950
964
953
956
957
960
968
968
975
975
971
979
981
985
985
985
984
985
985
981
980
980
984
982
984
986
985
985
987
988
988
990
989
986
990
990
990
990
990
988
988
989
990
990
988
988
988
988
988
988
988
982
978
974
979
983
983
983
977
982
986
987
990
990
990
990
990
990
984
981
984
984
984
984
984
984
984
984
984
984
984
984
985
985
985
985
985
985
985
985
988
988
989
989
989
992
992
992
992
992
992
992
992
992
996
996
996
996
996
996
996
996
996
996
996
996
996
996
996
996
993
993
993
993
993
993
993
993
993
992
992
992
993
993
993
993
997
997
997
997
997
997
997
997
997
997
997
997
997
997
997
997
997
997
997
997
997
997
997
997
997
995
997
997
997
997
997
997
997
997
997
997
997
997
997
997
997
997
997
997
997
997
997
997
997
997
997
997
997
997
997
998
998
998
998
998
998
998
998
998
998
998
998
997
997
997
997
997
997
997
997
997
997
992
992
992
997
997
997
997
997
997
997
997
997
995
995
995
995
995
995
995
995
995
995
995
995
995
996
996
996
996
992
992
992
992
992
992
992
992
992
992
992
992
992
992
992
992
992
992
992
992
992
992
992
992
992
992
992
992
993
993
993
996
996
996
996
996
996
996
996
996
996
996
996
996
996
996
996
996
996
996
996
996
996
996
996
996
996
998
998
998
998
998
998
998
998
998
998
998
998
998
998
998
998
998
998
998
998
998
998
998
998
998
998
998
998
998
998
998
998
998
998
998
998
998
998
996
996
996
996
996
996
996
996
996
996
996
993
993
993
993
993
993
993
993
993
993
993
993
993
993
993
993
993
993
993
993
993
993
993
993
993
992
992
992
992
992
992
992
992
992
992
992
992
992
992
992
992
992
992
992
992
992
992
992
992
992
992
992
992
992
992
992
992
992
992
992
992
992
991
991
991
991
991
991
991
991
991
991
991
991
991
991
991
991
991
991
992
992
992
992
992
992
992
992
992
992
994
994
994
994
994
994
994
992
992
992
992
992
993
993
993
993
993
993
993
993
993
992
992
993
992
993
992
992
992
992
992
992
990
992
992
995
995
996
996
996
995
995
995
995
995
995
995
995
995
995
995
995
995
995
992
995
995
992
992
992
990
990
990
988
981
981
982
986
977
966
966
982
987
991
991
987
990
986
986
986
985
982
988
982
971
971
970
974
974
969
969
964
966
966
958
946
944
944
944
961
965
950
947
962
946
962
963
966
950
950
966
961
964
948
956
956
956
956
976
969
979
972
973
979
980
964
976
982
986
990
990
990
987
987
988
993
993
993
993
989
983
992
992
990
985
993
989
995
995
995
996
997
997
997
997
998
998
998
998
998
998
998
998
998
998
997
994
997
998
998
998
997
994
991
991
991
991
984
984
984
991
994
993
989
989
993
993
991
989
994
994
989
986
984
979
983
983
983
983
983
979
987
988
984
984
984
984
987
987
