1000 1000
999
999
999
999
999
997
997
999
999
999
997
996
994
993
994
993
993
993
993
994
994
993
993
993
993
993
993
993
993
993
993
993
993
993
993
994
994
992
993
992
993
994
994
994
995
995
995
995
995
995
997
997
998
998
998
998
999
1000
1000
1000
999
1000
1000
999
999
1000
999
999
998
998
998
998
998
999
999
999
999
999
999
999
999
999
999
999
999
999
999
999
999
999
999
1000
1000
1000
1000
999
999
999
1000
999
1000
1000
1000
1000
1000
1000
1000
1000
1000
1000
1000
1000
1000
1000
1000
1000
1000
1000
1000
1000
1000
1000
1000
1000
1000
1000
1000
1000
1000
1000
1000
1000
1000
1000
1000
1000
1000
1000
1000
1000
1000
1000
1000
1000
1000
1000
1000
1000
1000
1000
1000
1000
1000
1000
1000
1000
1000
1000
1000
1000
1000
1000
1000
1000
1000
1000
1000
1000
1000
1000
1000
1000
1000
1000
1000
1000
1000
1000
1000
1000
1000
1000
1000
1000
1000
1000
1000
999
999
999
999
999
999
999
999
999
999
999
999
1000
1000
1000
1000
1000
1000
1000
1000
1000
1000
1000
1000
1000
1000
1000
1000
1000
1000
1000
1000
1000
1000
1000
1000
1000
1000
1000
1000
1000
1000
1000
1000
1000
1000
1000
1000
1000
1000
1000
1000
1000
1000
1000
1000
1000
1000
1000
1000
1000
1000
1000
1000
1000
1000
1000
1000
1000
1000
1000
999
999
1000
1000
999
999
999
999
999
999
999
999
999
999
999
999
999
999
999
999
999
999
999
998
999
998
998
998
996
997
998
997
999
999
999
999
999
999
999
999
999
998
997
996
995
996
996
995
996
995
995
996
997
998
998
998
998
998
998
998
998
998
997
996
996
996
996
996
996
995
995
995
995
995
995
995
995
995
996
996
996
996
994
994
994
994
993
994
993
993
993
993
992
992
992
991
991
991
992
991
992
992
991
991
993
992
993
993
993
993
993
995
995
995
995
994
994
993
994
994
994
994
993
993
992
992
992
992
992
991
991
991
990
991
991
990
990
990
991
991
991
991
991
990
991
990
990
990
990
991
990
990
991
991
991
991
991
991
991
991
992
992
992
992
992
992
991
991
991
991
991
991
991
991
991
989
990
991
991
991
991
990
990
990
990
990
990
990
990
990
990
990
990
990
990
990
990
988
988
988
987
987
988
989
988
988
988
989
988
989
989
988
988
988
988
988
988
987
987
987
987
987
987
987
987
987
987
987
987
986
987
987
986
986
986
986
986
986
986
986
986
986
986
986
985
984
985
984
985
985
986
986
986
985
986
986
986
986
985
985
984
984
984
984
984
985
986
986
985
984
985
985
985
985
985
985
985
985
985
985
984
984
984
984
984
984
983
983
984
985
984
984
984
984
984
984
984
984
984
984
984
984
984
984
984
984
984
984
984
984
984
984
984
984
985
985
985
987
987
987
987
985
983
982
983
984
986
986
986
986
985
983
985
985
985
985
985
986
986
986
985
985
985
985
985
986
985
985
985
984
985
985
985
985
987
987
987
986
986
986
986
986
986
987
988
988
988
988
988
988
989
990
990
990
990
990
990
990
990
990
990
990
990
990
990
990
990
990
990
990
990
990
990
990
989
990
990
990
989
989
989
989
989
988
989
989
989
989
989
989
988
988
988
988
988
988
988
988
988
988
988
988
988
988
988
988
988
987
985
986
985
985
985
985
985
985
985
985
985
985
985
985
984
984
984
984
984
984
985
984
984
982
984
985
983
979
981
981
981
978
978
981
982
985
985
985
984
984
984
983
984
983
983
981
981
981
981
981
981
984
984
984
984
984
984
984
982
982
982
984
982
986
984
986
984
984
984
984
984
984
984
985
985
985
984
987
988
988
988
988
987
988
987
986
987
984
987
983
983
982
981
981
981
981
982
985
982
981
981
981
981
981
981
981
981
981
979
979
978
978
978
978
979
980
980
980
979
978
978
978
978
978
978
978
978
978
978
978
978
978
978
978
978
979
980
980
981
983
982
981
983
984
983
982
983
984
984
984
984
984
985
984
984
984
985
985
985
985
985
987
987
987
987
986
987
987
987
986
987
987
987
987
987
987
987
987
987
987
987
987
987
987
987
988
988
988
987
987
987
987
987
988
987
988
988
988
988
988
988
988
988
988
988
988
989
989
989
991
991
991
992
992
992
991
992
993
992
992
992
992
992
992
992
992
991
992
991
990
990
990
991
991
991
992
992
989
989
989
990
992
992
991
992
992
991
990
990
989
989
989
990
990
991
991
990
991
991
988
989
988
988
988
985
985
985
985
985
986
986
986
986
986
986
985
986
985
986
986
986
986
986
986
986
986
985
985
985
985
986
986
986
986
986
986
986
986
986
986
986
985
985
986
986
986
985
986
986
986
986
986
986
986
