     51097    0    1    0    1
    73956    1    1    1    2
     99617    0    1    0    3
   100033    3    1    0    4
  223489    4    1    6    5
    225789    0    1    4    6
       272033    0    1    0    7
      272382    1    1    0    8
     316785    2    1    1    9
      434049    0    1    0   10
   451623    5    1    0   11
 460353   11    1    2   12
   484817    0    1    0   13
  556691    1    1    0   14
632329   14    1    8   15
   642721    0    1    1   16
    737721    0    1    0   17
  767367    2    1    0   18
 812645    3    1    4   19
    864513    0    1    1   20
     877545    0    1    0   21
   894033    2    1    0   22
  921581    3    1    0   23
